JvmtiExport can_access_local_variables 0
JvmtiExport can_hotswap_or_post_breakpoint 0
JvmtiExport can_post_on_exceptions 0
# 398 ciObject found
ciMethod java/lang/Object <init> ()V 4097 1 4987090 0 0
ciMethod java/lang/Object getClass ()Ljava/lang/Class; 2049 1 256 0 -1
ciMethod java/lang/Object hashCode ()I 2049 1 256 0 -1
ciMethod java/lang/Object equals (Ljava/lang/Object;)Z 2049 1 75147 0 -1
ciMethod java/lang/Class getComponentType ()Ljava/lang/Class; 3097 1 387 0 -1
ciMethod java/lang/System arraycopy (Ljava/lang/Object;ILjava/lang/Object;II)V 4097 1 512 0 -1
ciMethod java/util/Map size ()I 0 0 1 0 -1
ciMethod java/util/Map get (Ljava/lang/Object;)Ljava/lang/Object; 0 0 1 0 -1
ciMethod java/util/Map put (Ljava/lang/Object;Ljava/lang/Object;)Ljava/lang/Object; 0 0 1 0 -1
ciMethod java/util/Map entrySet ()Ljava/util/Set; 0 0 1 0 -1
ciMethod java/lang/Integer intValue ()I 1105 1 138 0 -1
ciMethod java/lang/Integer highestOneBit (I)I 2049 1 1287 0 -1
ciMethod java/lang/Integer rotateLeft (II)I 2057 1 171664 0 0
ciMethod java/lang/Iterable iterator ()Ljava/util/Iterator; 0 0 1 0 -1
ciMethod java/util/Collection toArray ([Ljava/lang/Object;)[Ljava/lang/Object; 0 0 1 0 -1
ciMethod java/util/AbstractCollection <init> ()V 385 1 799710 0 32
ciMethod java/util/AbstractCollection iterator ()Ljava/util/Iterator; 0 0 1 0 -1
ciMethod java/util/AbstractCollection size ()I 0 0 1 0 -1
ciMethod java/util/AbstractCollection toArray ([Ljava/lang/Object;)[Ljava/lang/Object; 36313 87689 8967 0 736
ciMethod java/util/AbstractCollection finishToArray ([Ljava/lang/Object;Ljava/util/Iterator;)[Ljava/lang/Object; 0 0 1 0 -1
ciMethod java/util/Set iterator ()Ljava/util/Iterator; 0 0 1 0 -1
ciMethod java/util/AbstractSet <init> ()V 49 1 146422 0 32
ciMethod java/util/AbstractMap <init> ()V 473 1 148218 0 32
ciMethod java/util/HashMap hash (Ljava/lang/Object;)I 2169 1 194747 0 160
ciMethod java/util/HashMap comparableClassFor (Ljava/lang/Object;)Ljava/lang/Class; 2049 1 518 0 -1
ciMethod java/util/HashMap compareComparables (Ljava/lang/Class;Ljava/lang/Object;Ljava/lang/Object;)I 0 0 1 0 -1
ciMethod java/util/HashMap <init> ()V 161 1 70881 0 32
ciMethod java/util/HashMap size ()I 1033 1 129 0 0
ciMethod java/util/HashMap getNode (ILjava/lang/Object;)Ljava/util/HashMap$Node; 2089 1 12778 0 480
ciMethod java/util/HashMap put (Ljava/lang/Object;Ljava/lang/Object;)Ljava/lang/Object; 17761 1 65770 0 1248
ciMethod java/util/HashMap putVal (ILjava/lang/Object;Ljava/lang/Object;ZZ)Ljava/lang/Object; 1289 9 21440 0 1184
ciMethod java/util/HashMap resize ()[Ljava/util/HashMap$Node; 457 201 6438 0 -1
ciMethod java/util/HashMap treeifyBin ([Ljava/util/HashMap$Node;I)V 1 1 11 0 0
ciMethod java/util/HashMap removeNode (ILjava/lang/Object;Ljava/lang/Object;ZZ)Ljava/util/HashMap$Node; 1 1 10096 0 -1
ciMethod java/util/HashMap putIfAbsent (Ljava/lang/Object;Ljava/lang/Object;)Ljava/lang/Object; 17385 1 14582 0 -1
ciMethod java/util/HashMap newNode (ILjava/lang/Object;Ljava/lang/Object;Ljava/util/HashMap$Node;)Ljava/util/HashMap$Node; 2105 1 5445 0 -1
ciMethod java/util/HashMap newTreeNode (ILjava/lang/Object;Ljava/lang/Object;Ljava/util/HashMap$Node;)Ljava/util/HashMap$TreeNode; 0 0 1 0 -1
ciMethod java/util/HashMap replacementTreeNode (Ljava/util/HashMap$Node;Ljava/util/HashMap$Node;)Ljava/util/HashMap$TreeNode; 0 0 1 0 -1
ciMethod java/util/HashMap afterNodeAccess (Ljava/util/HashMap$Node;)V 3073 1 1408 0 -1
ciMethod java/util/HashMap afterNodeInsertion (Z)V 2377 1 1321 0 -1
ciMethod java/util/Map$Entry getKey ()Ljava/lang/Object; 0 0 1 0 -1
ciMethod java/util/Map$Entry getValue ()Ljava/lang/Object; 0 0 1 0 -1
ciMethod java/util/HashMap$Node <init> (ILjava/lang/Object;Ljava/lang/Object;Ljava/util/HashMap$Node;)V 2113 1 11069 0 0
ciMethod java/util/HashMap$Node getKey ()Ljava/lang/Object; 1137 1 142 0 0
ciMethod java/util/HashMap$Node getValue ()Ljava/lang/Object; 1201 1 150 0 0
ciMethod java/util/Iterator hasNext ()Z 0 0 1 0 -1
ciMethod java/util/Iterator next ()Ljava/lang/Object; 0 0 1 0 -1
ciMethod java/util/Arrays sort ([Ljava/lang/Object;IILjava/util/Comparator;)V 153 1 8231 0 -1
ciMethod java/util/Arrays copyOf ([Ljava/lang/Object;I)[Ljava/lang/Object; 2049 1 23981 0 384
ciMethod java/util/Arrays copyOf ([Ljava/lang/Object;ILjava/lang/Class;)[Ljava/lang/Object; 2065 1 6485 0 -1
ciMethod java/util/LinkedHashMap linkNodeLast (Ljava/util/LinkedHashMap$Entry;)V 2065 1 5540 0 0
ciMethod java/util/LinkedHashMap newNode (ILjava/lang/Object;Ljava/lang/Object;Ljava/util/HashMap$Node;)Ljava/util/HashMap$Node; 2049 1 5522 0 288
ciMethod java/util/LinkedHashMap afterNodeInsertion (Z)V 3177 1 10653 0 128
ciMethod java/util/LinkedHashMap afterNodeAccess (Ljava/util/HashMap$Node;)V 793 1 5272 0 288
ciMethod java/util/LinkedHashMap <init> ()V 2065 1 21896 0 64
ciMethod java/util/LinkedHashMap get (Ljava/lang/Object;)Ljava/lang/Object; 2057 1 35780 0 704
ciMethod java/util/LinkedHashMap removeEldestEntry (Ljava/util/Map$Entry;)Z 1041 1 130 0 0
ciMethod java/util/LinkedHashMap entrySet ()Ljava/util/Set; 3113 1 9221 0 192
ciMethod java/util/LinkedHashMap$Entry <init> (ILjava/lang/Object;Ljava/lang/Object;Ljava/util/HashMap$Node;)V 2057 1 5624 0 0
ciMethodData java/lang/Object <init> ()V 2 4987090 orig 264 8 206 174 107 0 0 0 0 128 4 167 21 0 0 0 0 32 1 0 0 0 0 0 0 0 0 0 0 0 0 0 0 0 0 0 0 0 0 0 0 0 0 0 0 0 0 0 0 0 0 0 0 0 0 0 0 0 0 0 0 0 0 0 0 0 0 0 0 0 0 0 0 0 0 0 0 0 0 0 0 77 68 79 32 101 120 116 114 97 32 100 97 116 97 32 108 111 99 107 0 0 0 0 0 0 0 0 0 0 0 0 0 0 0 0 0 0 0 0 0 0 0 0 0 0 0 0 0 0 0 0 0 0 0 0 0 0 0 0 0 0 0 0 0 0 0 0 0 0 0 0 0 0 0 0 0 0 0 0 0 0 0 0 0 0 0 0 0 0 0 0 0 0 0 0 0 0 0 0 0 0 0 0 0 1 0 0 0 0 0 0 0 1 0 0 0 0 0 0 0 1 0 0 0 0 0 0 0 0 0 0 0 0 0 0 0 0 2 0 0 145 182 96 2 1 0 0 0 0 0 0 0 0 0 0 0 2 0 0 0 0 0 3 0 1 0 0 0 0 0 0 0 255 255 255 255 0 0 0 0 0 0 0 0 data 0 oops 0
ciMethod java/lang/reflect/Array newInstance (Ljava/lang/Class;I)Ljava/lang/Object; 825 1 6522 0 288
ciMethod java/lang/reflect/Array newArray (Ljava/lang/Class;I)Ljava/lang/Object; 4113 1 514 0 -1
ciMethod java/util/HashMap$TreeNode root ()Ljava/util/HashMap$TreeNode; 0 0 1 0 -1
ciMethod java/util/HashMap$TreeNode moveRootToFront ([Ljava/util/HashMap$Node;Ljava/util/HashMap$TreeNode;)V 225 1 28 0 -1
ciMethod java/util/HashMap$TreeNode find (ILjava/lang/Object;Ljava/lang/Class;)Ljava/util/HashMap$TreeNode; 2121 1465 367 0 -1
ciMethod java/util/HashMap$TreeNode getTreeNode (ILjava/lang/Object;)Ljava/util/HashMap$TreeNode; 0 0 1 0 -1
ciMethod java/util/HashMap$TreeNode tieBreakOrder (Ljava/lang/Object;Ljava/lang/Object;)I 1849 1 231 0 -1
ciMethod java/util/HashMap$TreeNode treeify ([Ljava/util/HashMap$Node;)V 81 1681 10 0 -1
ciMethod java/util/HashMap$TreeNode putTreeVal (Ljava/util/HashMap;[Ljava/util/HashMap$Node;ILjava/lang/Object;Ljava/lang/Object;)Ljava/util/HashMap$TreeNode; 25 1 108 0 0
ciMethod java/util/HashMap$TreeNode split (Ljava/util/HashMap;[Ljava/util/HashMap$Node;II)V 9 73 9 0 -1
ciMethod java/util/HashMap$TreeNode balanceInsertion (Ljava/util/HashMap$TreeNode;Ljava/util/HashMap$TreeNode;)Ljava/util/HashMap$TreeNode; 785 585 98 0 -1
ciMethodData java/util/HashMap hash (Ljava/lang/Object;)I 2 194747 orig 264 8 206 174 107 0 0 0 0 120 157 181 21 0 0 0 0 176 1 0 0 0 0 0 0 0 0 0 0 0 0 0 0 0 0 0 0 0 0 0 0 0 0 0 0 0 0 0 0 0 0 0 0 0 0 0 0 0 0 0 0 0 0 0 0 0 0 0 0 0 0 0 0 0 0 0 0 0 0 0 0 77 68 79 32 101 120 116 114 97 32 100 97 116 97 32 108 111 99 107 0 0 0 0 0 0 0 0 0 0 0 0 0 0 0 0 0 0 0 0 0 0 0 0 0 0 0 0 0 0 0 0 0 0 0 0 0 0 0 0 0 0 0 0 0 1 0 0 0 1 0 0 0 0 0 0 0 0 0 0 0 0 0 0 0 0 0 0 0 0 0 0 0 0 0 0 0 0 0 0 3 0 0 0 0 17 0 0 0 0 0 0 0 0 0 0 0 0 0 0 0 0 0 0 0 0 0 0 0 0 0 0 0 0 0 0 0 15 1 0 0 97 189 23 0 1 0 0 0 156 96 0 0 0 0 0 0 2 0 0 0 0 0 6 0 2 0 0 0 104 0 0 0 255 255 255 255 7 224 1 0 0 0 0 0 data 13 0x1e007 0x2f747 0x38 0x69 0x50003 0x69 0x48 0x90005 0x1abd1 0x29aa580 0x1298f 0x29aa610 0x20e6 oops 2 9 java/lang/String 11 java/lang/Class
ciMethodData java/util/HashMap getNode (ILjava/lang/Object;)Ljava/util/HashMap$Node; 2 12778 orig 264 8 206 174 107 0 0 0 0 40 167 181 21 0 0 0 0 8 4 0 0 160 0 0 0 0 0 0 0 0 0 0 0 0 0 0 0 0 0 0 0 0 0 0 0 0 0 0 0 0 0 0 0 0 0 0 0 0 0 0 0 0 0 0 0 0 0 0 0 0 0 0 0 0 0 0 0 0 0 0 0 77 68 79 32 101 120 116 114 97 32 100 97 116 97 32 108 111 99 107 0 0 0 0 0 0 0 0 0 0 0 0 0 0 0 0 0 0 0 0 0 0 0 0 0 0 0 0 0 0 0 0 0 0 0 0 0 0 0 0 0 0 0 0 0 1 0 0 0 0 0 0 0 0 0 0 0 0 0 0 0 0 0 0 0 0 0 0 0 0 0 0 0 0 0 0 0 0 0 0 2 0 0 0 0 17 0 0 0 0 0 0 0 0 0 0 0 0 0 0 0 1 0 0 0 0 0 0 0 0 0 0 0 0 0 0 0 5 1 0 0 41 135 1 0 41 17 0 0 38 25 0 0 42 1 0 0 2 0 0 0 1 0 37 0 2 0 0 0 176 2 0 0 255 255 255 255 7 0 6 0 0 0 0 0 data 86 0x60007 0x66d 0x2b0 0x2a78 0xe0007 0x0 0x290 0x2a78 0x1c0007 0xee9 0x270 0x1b8f 0x250007 0x9e8 0xb0 0x11a7 0x310007 0x4a3 0x90 0xd04 0x35e007 0x2 0x70 0xd03 0x3b0005 0x6e3 0x29aa580 0x3a3 0x163fc750 0x27d 0x3e0007 0x84 0x20 0xc7f 0x4c0007 0x55e 0x1a0 0x510 0x510004 0xfffffffffffffaf0 0x195bd630 0x6 0x0 0x0 0x540007 0x510 0x80 0x0 0x590004 0x0 0x0 0x0 0x0 0x0 0x5e0005 0x0 0x0 0x0 0x0 0x0 0x680007 0x220 0xb0 0x3ab 0x740007 0x106 0x90 0x2a5 0x780007 0x0 0x70 0x2a5 0x7e0005 0x1d1 0x29aa580 0xd3 0x163fc360 0x1 0x81e007 0x9 0x20 0x29d 0x8f0007 0xbb 0xffffffffffffff50 0x16e oops 5 26 java/lang/String 28 java/security/CodeSource 40 java/util/HashMap$Node 74 java/lang/String 76 java/io/File
ciMethodData java/util/AbstractSet <init> ()V 2 146422 orig 264 8 206 174 107 0 0 0 0 200 189 180 21 0 0 0 0 48 1 0 0 0 0 0 0 0 0 0 0 0 0 0 0 0 0 0 0 0 0 0 0 0 0 0 0 0 0 0 0 0 0 0 0 0 0 0 0 0 0 0 0 0 0 0 0 0 0 0 0 0 0 0 0 0 0 0 0 0 0 0 0 77 68 79 32 101 120 116 114 97 32 100 97 116 97 32 108 111 99 107 0 0 0 0 0 0 0 0 0 0 0 0 0 0 0 0 0 0 0 0 0 0 0 0 0 0 0 0 0 0 0 0 0 0 0 0 0 0 0 0 0 0 0 0 0 0 0 0 0 0 0 0 0 0 0 0 0 0 0 0 0 0 0 0 0 0 0 0 0 0 0 0 0 0 0 0 0 0 0 0 0 0 0 0 0 1 0 0 0 0 0 0 0 0 0 0 0 0 0 0 0 1 0 0 0 0 0 0 0 0 0 0 0 0 0 0 0 6 0 0 0 129 223 17 0 1 0 0 0 0 0 0 0 0 0 0 0 2 0 0 0 0 0 3 0 2 0 0 0 16 0 0 0 255 255 255 255 2 0 1 0 0 0 0 0 data 2 0x10002 0x23bf6 oops 0
ciMethodData java/util/AbstractCollection <init> ()V 2 799713 orig 264 8 206 174 107 0 0 0 0 136 137 179 21 0 0 0 0 48 1 0 0 0 0 0 0 0 0 0 0 0 0 0 0 0 0 0 0 0 0 0 0 0 0 0 0 0 0 0 0 0 0 0 0 0 0 0 0 0 0 0 0 0 0 0 0 0 0 0 0 0 0 0 0 0 0 0 0 0 0 0 0 77 68 79 32 101 120 116 114 97 32 100 97 116 97 32 108 111 99 107 0 0 0 0 0 0 0 0 0 0 0 0 0 0 0 0 0 0 0 0 0 0 0 0 0 0 0 0 0 0 0 0 0 0 0 0 0 0 0 0 0 0 0 0 0 0 0 0 0 0 0 0 0 0 0 0 0 0 0 0 0 0 0 0 0 0 0 0 0 0 0 0 0 0 0 0 0 0 0 0 0 0 0 0 0 1 0 0 0 0 0 0 0 0 0 0 0 0 0 0 0 1 0 0 0 0 0 0 0 0 0 0 0 0 0 0 0 48 0 0 0 137 157 97 0 1 0 0 0 0 0 0 0 0 0 0 0 2 0 0 0 0 0 3 0 2 0 0 0 16 0 0 0 255 255 255 255 2 0 1 0 0 0 0 0 data 2 0x10002 0xc33ee oops 0
ciMethodData java/util/HashMap <init> ()V 2 70881 orig 264 8 206 174 107 0 0 0 0 48 162 181 21 0 0 0 0 48 1 0 0 0 0 0 0 0 0 0 0 0 0 0 0 0 0 0 0 0 0 0 0 0 0 0 0 0 0 0 0 0 0 0 0 0 0 0 0 0 0 0 0 0 0 0 0 0 0 0 0 0 0 0 0 0 0 0 0 0 0 0 0 77 68 79 32 101 120 116 114 97 32 100 97 116 97 32 108 111 99 107 0 0 0 0 0 0 0 0 0 0 0 0 0 0 0 0 0 0 0 0 0 0 0 0 0 0 0 0 0 0 0 0 0 0 0 0 0 0 0 0 0 0 0 0 0 0 0 0 0 0 0 0 0 0 0 0 0 0 0 0 0 0 0 0 0 0 0 0 0 0 0 0 0 0 0 0 0 0 0 0 0 0 0 0 0 1 0 0 0 0 0 0 0 0 0 0 0 0 0 0 0 1 0 0 0 0 0 0 0 0 0 0 0 0 0 0 0 20 0 0 0 105 166 8 0 1 0 0 0 0 0 0 0 0 0 0 0 2 0 0 0 0 0 3 0 2 0 0 0 16 0 0 0 255 255 255 255 2 0 1 0 0 0 0 0 data 2 0x10002 0x114d2 oops 0
ciMethodData java/util/AbstractMap <init> ()V 2 148218 orig 264 8 206 174 107 0 0 0 0 160 242 180 21 0 0 0 0 48 1 0 0 0 0 0 0 0 0 0 0 0 0 0 0 0 0 0 0 0 0 0 0 0 0 0 0 0 0 0 0 0 0 0 0 0 0 0 0 0 0 0 0 0 0 0 0 0 0 0 0 0 0 0 0 0 0 0 0 0 0 0 0 77 68 79 32 101 120 116 114 97 32 100 97 116 97 32 108 111 99 107 0 0 0 0 0 0 0 0 0 0 0 0 0 0 0 0 0 0 0 0 0 0 0 0 0 0 0 0 0 0 0 0 0 0 0 0 0 0 0 0 0 0 0 0 0 0 0 0 0 0 0 0 0 0 0 0 0 0 0 0 0 0 0 0 0 0 0 0 0 0 0 0 0 0 0 0 0 0 0 0 0 0 0 0 0 1 0 0 0 0 0 0 0 0 0 0 0 0 0 0 0 1 0 0 0 0 0 0 0 0 0 0 0 0 0 0 0 59 0 0 0 249 21 18 0 1 0 0 0 0 0 0 0 0 0 0 0 2 0 0 0 0 0 3 0 2 0 0 0 16 0 0 0 255 255 255 255 2 0 1 0 0 0 0 0 data 2 0x10002 0x242d5 oops 0
ciMethodData java/util/HashMap put (Ljava/lang/Object;Ljava/lang/Object;)Ljava/lang/Object; 2 65770 orig 264 8 206 174 107 0 0 0 0 104 168 181 21 0 0 0 0 152 1 0 0 0 0 0 0 0 0 0 0 0 0 0 0 0 0 0 0 0 0 0 0 0 0 0 0 0 0 0 0 0 0 0 0 0 0 0 0 0 0 0 0 0 0 0 0 0 0 0 0 0 0 0 0 0 0 0 0 0 0 0 0 77 68 79 32 101 120 116 114 97 32 100 97 116 97 32 108 111 99 107 0 0 0 0 0 0 0 0 0 0 0 0 0 0 0 0 0 0 0 0 0 0 0 0 0 0 0 0 0 0 0 0 0 0 0 0 0 0 0 0 0 0 0 0 0 2 0 0 0 0 0 0 0 0 0 0 0 0 0 0 0 0 0 0 0 0 0 0 0 0 0 0 0 0 0 0 0 0 0 0 0 0 0 0 0 17 0 0 0 0 0 0 0 0 0 0 0 0 0 0 0 0 0 0 0 0 0 0 0 0 0 0 0 0 0 0 0 157 0 0 0 241 193 7 0 1 0 0 0 142 20 0 0 0 0 0 0 2 0 0 0 0 0 7 0 2 0 0 0 64 0 0 0 255 255 255 255 2 0 2 0 0 0 0 0 data 8 0x20002 0xf83e 0x90005 0x1af 0x16459260 0x8fe1 0x20653db0 0x66af oops 2 4 java/util/LinkedHashMap 6 java/util/HashMap
ciMethodData java/util/HashMap putVal (ILjava/lang/Object;Ljava/lang/Object;ZZ)Ljava/lang/Object; 2 21440 orig 264 8 206 174 107 0 0 0 0 72 170 181 21 0 0 0 0 176 6 0 0 144 4 0 0 0 0 0 0 0 0 0 0 0 0 0 0 0 0 0 0 0 0 0 0 0 0 0 0 0 0 0 0 0 0 0 0 0 0 0 0 0 0 0 0 0 0 0 0 0 0 0 0 0 0 0 0 0 0 0 0 77 68 79 32 101 120 116 114 97 32 100 97 116 97 32 108 111 99 107 0 0 0 0 0 0 0 0 0 0 0 0 0 0 0 0 0 0 0 0 0 0 0 0 0 0 0 0 0 0 0 0 0 0 0 0 0 0 0 0 0 0 0 0 0 3 0 0 0 2 0 0 0 0 0 0 0 0 0 0 0 0 0 0 0 0 0 0 5 0 0 0 0 0 0 0 0 0 8 0 3 0 0 0 0 0 0 0 0 0 0 0 0 0 0 0 0 0 0 0 0 0 0 0 0 0 0 0 0 0 0 0 0 0 0 0 0 161 0 0 0 249 152 2 0 241 63 0 0 31 83 0 0 254 7 0 0 2 0 0 0 1 0 50 0 2 0 0 0 64 5 0 0 255 255 255 255 7 0 7 0 0 0 0 0 data 168 0x70007 0xf5a 0x40 0x43c5 0x100007 0x43c5 0x50 0x0 0x140005 0x42 0x16459260 0xa7d 0x20653db0 0x49b 0x2c0007 0x22eb 0x98 0x3034 0x380005 0x38 0x20653db0 0x16b0 0x16459260 0x1950 0x3b0004 0x0 0x195bd630 0x16ca 0x16459680 0x196e 0x3c0003 0x3038 0x3d0 0x450007 0x11d0 0xc8 0x111b 0x510007 0x479 0x90 0xca2 0x550007 0x2 0x88 0xca0 0x5b0005 0xbdf 0x163fc360 0x92 0x2085d270 0x2f 0x5e0007 0x326 0x38 0x97a 0x650003 0xdf3 0x278 0x6a0004 0xffffffffffffeb09 0x195bd630 0x45 0x16459680 0x31 0x6de007 0x14f7 0x98 0x3 0x720004 0x0 0x195be790 0x3 0x0 0x0 0x7b0005 0x3 0x0 0x0 0x0 0x0 0x800003 0x3 0x1b0 0x8e0007 0xc6a 0xb8 0x108b 0x980005 0x24 0x20653db0 0x7ab 0x16459260 0x8be 0xa20007 0x108c 0x148 0x1 0xa90005 0x0 0x16459260 0x1 0x0 0x0 0xac0003 0x1 0xf8 0xb50007 0x62c 0xc8 0x63e 0xc10007 0x17f 0xc0 0x4bf 0xc50007 0x0 0x88 0x4bf 0xcb7005 0x46b 0x163fc360 0x1d 0x29aa580 0x38 0xce0007 0x1d2 0x38 0x2ee 0xd10003 0x2ee 0x30 0xdb0003 0x7fe 0xfffffffffffffe80 0xe00007 0x108d 0x90 0x1263 0xece007 0x86d 0x40 0x9f7 0xf10007 0x9f7 0x20 0x0 0xfdf005 0x56 0x20653db0 0x58e 0x16459260 0xc85 0x11c0007 0x3ec1 0x50 0x204 0x1200005 0xc 0x20653db0 0x126 0x16459260 0xd2 0x1270005 0x5c 0x20653db0 0x1e5c 0x16459260 0x220e oops 22 10 java/util/LinkedHashMap 12 java/util/HashMap 20 java/util/HashMap 22 java/util/LinkedHashMap 26 java/util/HashMap$Node 28 java/util/LinkedHashMap$Entry 47 java/io/File 49 sun/misc/ProxyGenerator$ConstantPool$IndirectEntry 60 java/util/HashMap$Node 62 java/util/LinkedHashMap$Entry 70 java/util/HashMap$TreeNode 89 java/util/HashMap 91 java/util/LinkedHashMap 99 java/util/LinkedHashMap 120 java/io/File 122 java/lang/String 148 java/util/HashMap 150 java/util/LinkedHashMap 158 java/util/HashMap 160 java/util/LinkedHashMap 164 java/util/HashMap 166 java/util/LinkedHashMap
ciMethod java/util/LinkedHashMap$LinkedHashIterator <init> (Ljava/util/LinkedHashMap;)V 2049 1 19735 0 96
ciMethod java/util/LinkedHashMap$LinkedHashIterator hasNext ()Z 2257 1 5929 0 64
ciMethod java/util/LinkedHashMap$LinkedHashIterator nextNode ()Ljava/util/LinkedHashMap$Entry; 2121 1 6414 0 160
ciMethodData java/util/HashMap resize ()[Ljava/util/HashMap$Node; 2 41576 orig 264 8 206 174 107 0 0 0 0 120 172 181 21 0 0 0 0 56 6 0 0 216 2 0 0 0 0 0 0 0 0 0 0 0 0 0 0 0 0 0 0 0 0 0 0 0 0 0 0 0 0 0 0 0 0 0 0 0 0 0 0 0 0 0 0 0 0 0 0 0 0 0 0 0 0 0 0 0 0 0 0 77 68 79 32 101 120 116 114 97 32 100 97 116 97 32 108 111 99 107 0 0 0 0 0 0 0 0 0 0 0 0 0 0 0 0 0 0 0 0 0 0 0 0 0 0 0 0 0 0 0 0 0 0 0 0 0 0 0 0 0 0 0 0 0 1 0 0 0 0 0 0 0 0 0 0 0 0 0 0 0 0 0 0 0 0 0 0 0 0 0 0 0 0 0 0 0 0 0 0 1 0 0 0 0 0 0 0 0 0 0 0 0 0 0 0 0 0 0 0 0 0 0 0 0 0 0 0 0 0 0 0 0 0 0 0 0 57 0 0 0 105 199 0 0 121 18 5 0 208 6 0 0 114 83 0 0 2 0 0 0 2 0 56 0 2 0 0 0 240 4 0 0 255 255 255 255 7 0 6 0 0 0 0 0 data 158 0x60007 0x456 0x38 0x1497 0xa0003 0x1497 0x18 0x190007 0x1497 0x98 0x456 0x1f0007 0x456 0x20 0x0 0x320007 0x0 0x90 0x456 0x380007 0x118 0x70 0x33e 0x400003 0x33e 0x50 0x440007 0xc22 0x38 0x875 0x4a0003 0x875 0x18 0x570007 0xf60 0x78 0x98d 0x680007 0x0 0x58 0x98d 0x700007 0x0 0x38 0x98d 0x760003 0x98d 0x18 0x880004 0x0 0x195bd6e0 0x13f 0x0 0x0 0x940007 0x1497 0x340 0x456 0x9d0007 0x457 0x320 0x7273 0xa70007 0x341d 0x2e8 0x3e56 0xae0104 0x0 0x0 0x0 0x0 0x0 0xb40007 0x154a 0x68 0x290c 0xc50004 0x0 0x195bd630 0x1375 0x16459680 0x1597 0xc60003 0x290c 0x248 0xcb0004 0xffffffffffffeab6 0x195bd630 0x34 0x16459680 0x3f 0xcee007 0x154a 0x98 0x1 0xd30004 0x0 0x195be790 0x1 0x0 0x0 0xdc0005 0x1 0x0 0x0 0x0 0x0 0xdf0003 0x1 0x180 0xfc0007 0x167f 0x70 0x19cf 0x1010007 0x908 0x38 0x10c7 0x1080003 0x10c7 0x18 0x1160003 0x19cf 0x50 0x11b0007 0x752 0x38 0xf2d 0x1220003 0xf2d 0x18 0x1350007 0x1b04 0xffffffffffffff58 0x154a 0x13a0007 0x483 0x50 0x10c7 0x1490004 0x0 0x195bd630 0x893 0x16459680 0x834 0x14c0007 0x61d 0x50 0xf2d 0x15d0004 0x0 0x195bd630 0x68d 0x16459680 0x8a0 0x1610003 0x7274 0xfffffffffffffcf8 oops 10 50 [Ljava/util/HashMap$Node; 78 java/util/HashMap$Node 80 java/util/LinkedHashMap$Entry 87 java/util/HashMap$Node 89 java/util/LinkedHashMap$Entry 97 java/util/HashMap$TreeNode 141 java/util/HashMap$Node 143 java/util/LinkedHashMap$Entry 151 java/util/HashMap$Node 153 java/util/LinkedHashMap$Entry
ciMethodData java/util/HashMap treeifyBin ([Ljava/util/HashMap$Node;I)V 1 71 orig 264 8 206 174 107 0 0 0 0 136 173 181 21 0 0 0 0 8 3 0 0 136 0 0 0 0 0 0 0 0 0 0 0 0 0 0 0 0 0 0 0 0 0 0 0 0 0 0 0 0 0 0 0 0 0 0 0 0 0 0 0 0 0 0 0 0 0 0 0 0 0 0 0 0 0 0 0 0 0 0 0 77 68 79 32 101 120 116 114 97 32 100 97 116 97 32 108 111 99 107 0 0 0 0 0 0 0 0 0 0 0 0 0 0 0 0 0 0 0 0 0 0 0 0 0 0 0 0 0 0 0 0 0 0 0 0 0 0 0 0 0 0 0 0 0 0 0 0 0 0 0 0 0 0 0 0 0 0 0 0 0 0 0 0 0 0 0 0 0 0 0 0 0 0 0 0 0 0 0 0 0 0 0 0 0 17 0 0 0 0 0 0 0 0 0 0 0 0 0 0 0 0 0 0 0 0 0 0 0 0 0 0 0 0 0 0 0 0 0 0 0 89 0 0 0 57 2 0 0 0 0 0 0 0 0 0 0 2 0 0 0 0 0 0 0 0 0 0 0 176 1 0 0 255 255 255 255 7 0 1 0 0 0 0 0 data 54 0x10007 0x0 0x40 0xb 0xa0007 0x9 0x68 0x2 0xe0005 0x2 0x0 0x0 0x0 0x0 0x120003 0x2 0x140 0x220007 0x0 0x128 0x9 0x2f0005 0x0 0x16459260 0x51 0x0 0x0 0x360007 0x48 0x38 0x9 0x3d0003 0x9 0x18 0x5a0007 0x48 0xffffffffffffff98 0x9 0x630004 0x0 0x195be790 0x9 0x0 0x0 0x640007 0x0 0x50 0x9 0x6a0005 0x9 0x0 0x0 0x0 0x0 oops 2 23 java/util/LinkedHashMap 40 java/util/HashMap$TreeNode
ciMethodData java/util/HashMap$Node <init> (ILjava/lang/Object;Ljava/lang/Object;Ljava/util/HashMap$Node;)V 2 11069 orig 264 8 206 174 107 0 0 0 0 128 236 181 21 0 0 0 0 80 1 0 0 0 0 0 0 0 0 0 0 0 0 0 0 0 0 0 0 0 0 0 0 0 0 0 0 0 0 0 0 0 0 0 0 0 0 0 0 0 0 0 0 0 0 0 0 0 0 0 0 0 0 0 0 0 0 0 0 0 0 0 0 77 68 79 32 101 120 116 114 97 32 100 97 116 97 32 108 111 99 107 0 0 0 0 0 0 0 0 0 0 0 0 0 0 0 0 0 0 0 0 0 0 0 0 0 0 0 0 0 0 0 0 0 0 0 0 0 0 0 0 0 0 0 0 0 0 0 0 0 0 0 0 0 0 0 0 0 0 0 0 0 0 0 0 0 0 0 0 0 0 0 0 0 0 0 0 0 0 0 0 0 0 0 0 0 1 0 0 0 0 0 0 0 0 0 0 0 0 0 0 0 1 0 0 0 0 0 0 0 0 0 0 0 0 0 0 0 8 1 0 0 169 81 1 0 1 0 0 0 0 0 0 0 0 0 0 0 2 0 0 0 0 0 3 0 2 0 0 0 16 0 0 0 255 255 255 255 2 0 1 0 0 0 0 0 data 2 0x10002 0x2a35 oops 0
ciMethodData java/util/LinkedHashMap$LinkedHashIterator hasNext ()Z 2 5929 orig 264 8 206 174 107 0 0 0 0 240 141 209 21 0 0 0 0 88 1 0 0 0 0 0 0 0 0 0 0 0 0 0 0 0 0 0 0 0 0 0 0 0 0 0 0 0 0 0 0 0 0 0 0 0 0 0 0 0 0 0 0 0 0 0 0 0 0 0 0 0 0 0 0 0 0 0 0 0 0 0 0 77 68 79 32 101 120 116 114 97 32 100 97 116 97 32 108 111 99 107 0 0 0 0 0 0 0 0 0 0 0 0 0 0 0 0 0 0 0 0 0 0 0 0 0 0 0 0 0 0 0 0 0 0 0 0 0 0 0 0 0 0 0 0 0 0 0 0 0 0 0 0 0 0 0 0 0 0 0 0 0 0 0 0 0 0 0 0 0 0 0 0 0 0 0 0 0 0 0 0 0 0 0 0 0 1 0 0 0 0 0 0 0 0 0 0 0 0 0 0 0 1 0 0 0 0 0 0 0 0 0 0 0 0 0 0 0 26 1 0 0 121 176 0 0 1 0 0 0 0 0 0 0 0 0 0 0 2 0 0 0 0 0 6 0 2 0 0 0 56 0 0 0 255 255 255 255 7 0 4 0 0 0 0 0 data 7 0x40007 0x22a 0x38 0x13e5 0x80003 0x13e5 0x18 oops 0
ciMethodData java/util/LinkedHashMap$LinkedHashIterator nextNode ()Ljava/util/LinkedHashMap$Entry; 2 6414 orig 264 8 206 174 107 0 0 0 0 192 142 209 21 0 0 0 0 128 1 0 0 32 0 0 0 0 0 0 0 0 0 0 0 0 0 0 0 0 0 0 0 0 0 0 0 0 0 0 0 0 0 0 0 0 0 0 0 0 0 0 0 0 0 0 0 0 0 0 0 0 0 0 0 0 0 0 0 0 0 0 0 77 68 79 32 101 120 116 114 97 32 100 97 116 97 32 108 111 99 107 0 0 0 0 0 0 0 0 0 0 0 0 0 0 0 0 0 0 0 0 0 0 0 0 0 0 0 0 0 0 0 0 0 0 0 0 0 0 0 0 0 0 0 0 0 0 0 0 0 0 0 0 0 0 0 0 0 0 0 0 0 0 0 0 0 0 0 0 0 0 0 0 0 0 0 0 0 0 0 0 0 0 0 0 0 0 0 0 0 0 0 0 0 0 0 0 0 0 0 0 0 0 0 0 0 0 0 0 0 0 0 0 0 0 0 0 0 9 1 0 0 41 192 0 0 1 0 0 0 0 0 0 0 0 0 0 0 2 0 0 0 0 0 7 0 2 0 0 0 96 0 0 0 255 255 255 255 7 0 16 0 0 0 0 0 data 12 0x100007 0x1805 0x30 0x0 0x170002 0x0 0x1c0007 0x1805 0x30 0x0 0x230002 0x0 oops 0
ciMethodData java/util/LinkedHashMap newNode (ILjava/lang/Object;Ljava/lang/Object;Ljava/util/HashMap$Node;)Ljava/util/HashMap$Node; 2 5522 orig 264 8 206 174 107 0 0 0 0 8 63 189 21 0 0 0 0 96 1 0 0 0 0 0 0 0 0 0 0 0 0 0 0 0 0 0 0 0 0 0 0 0 0 0 0 0 0 0 0 0 0 0 0 0 0 0 0 0 0 0 0 0 0 0 0 0 0 0 0 0 0 0 0 0 0 0 0 0 0 0 0 77 68 79 32 101 120 116 114 97 32 100 97 116 97 32 108 111 99 107 0 0 0 0 0 0 0 0 0 0 0 0 0 0 0 0 0 0 0 0 0 0 0 0 0 0 0 0 0 0 0 0 0 0 0 0 0 0 0 0 0 0 0 0 0 0 0 0 0 0 0 0 0 0 0 0 0 0 0 0 0 0 0 0 0 0 0 0 0 0 0 0 0 0 0 0 0 0 0 0 0 0 0 0 0 29 0 0 0 0 0 0 0 0 0 0 0 0 0 0 0 1 0 0 0 0 0 0 0 0 0 0 0 0 0 0 0 0 1 0 0 145 164 0 0 1 0 0 0 0 0 0 0 0 0 0 0 2 0 0 0 0 0 7 0 2 0 0 0 32 0 0 0 255 255 255 255 2 0 9 0 0 0 0 0 data 4 0x90002 0x1492 0x110002 0x1492 oops 0
ciMethodData java/util/LinkedHashMap$Entry <init> (ILjava/lang/Object;Ljava/lang/Object;Ljava/util/HashMap$Node;)V 2 5624 orig 264 8 206 174 107 0 0 0 0 48 151 189 21 0 0 0 0 80 1 0 0 0 0 0 0 0 0 0 0 0 0 0 0 0 0 0 0 0 0 0 0 0 0 0 0 0 0 0 0 0 0 0 0 0 0 0 0 0 0 0 0 0 0 0 0 0 0 0 0 0 0 0 0 0 0 0 0 0 0 0 0 77 68 79 32 101 120 116 114 97 32 100 97 116 97 32 108 111 99 107 0 0 0 0 0 0 0 0 0 0 0 0 0 0 0 0 0 0 0 0 0 0 0 0 0 0 0 0 0 0 0 0 0 0 0 0 0 0 0 0 0 0 0 0 0 0 0 0 0 0 0 0 0 0 0 0 0 0 0 0 0 0 0 0 0 0 0 0 0 0 0 0 0 0 0 0 0 0 0 0 0 0 0 0 0 1 0 0 0 0 0 0 0 0 0 0 0 0 0 0 0 1 0 0 0 0 0 0 0 0 0 0 0 0 0 0 0 1 1 0 0 185 167 0 0 1 0 0 0 0 0 0 0 0 0 0 0 2 0 0 0 0 0 3 0 2 0 0 0 16 0 0 0 255 255 255 255 2 0 6 0 0 0 0 0 data 2 0x60002 0x14f7 oops 0
ciMethodData java/util/LinkedHashMap linkNodeLast (Ljava/util/LinkedHashMap$Entry;)V 2 5540 orig 264 8 206 174 107 0 0 0 0 232 60 189 21 0 0 0 0 96 1 0 0 0 0 0 0 0 0 0 0 0 0 0 0 0 0 0 0 0 0 0 0 0 0 0 0 0 0 0 0 0 0 0 0 0 0 0 0 0 0 0 0 0 0 0 0 0 0 0 0 0 0 0 0 0 0 0 0 0 0 0 0 77 68 79 32 101 120 116 114 97 32 100 97 116 97 32 108 111 99 107 0 0 0 0 0 0 0 0 0 0 0 0 0 0 0 0 0 0 0 0 0 0 0 0 0 0 0 0 0 0 0 0 0 0 0 0 0 0 0 0 0 0 0 0 0 0 0 0 0 0 0 0 0 0 0 0 0 0 0 0 0 0 0 0 0 0 0 0 0 0 0 0 0 0 0 0 0 0 0 0 0 0 0 0 0 17 0 0 0 0 0 0 0 0 0 0 0 0 0 0 0 1 0 0 0 0 0 0 0 0 0 0 0 0 0 0 0 2 1 0 0 17 165 0 0 1 0 0 0 0 0 0 0 0 0 0 0 2 0 0 0 0 0 0 0 0 0 0 0 56 0 0 0 255 255 255 255 7 0 11 0 0 0 0 0 data 7 0xb0007 0x12d5 0x38 0x1cd 0x130003 0x1cd 0x18 oops 0
ciMethodData java/util/LinkedHashMap afterNodeInsertion (Z)V 2 10653 orig 264 8 206 174 107 0 0 0 0 184 66 189 21 0 0 0 0 32 2 0 0 0 0 0 0 0 0 0 0 0 0 0 0 0 0 0 0 0 0 0 0 0 0 0 0 0 0 0 0 0 0 0 0 0 0 0 0 0 0 0 0 0 0 0 0 0 0 0 0 0 0 0 0 0 0 0 0 0 0 0 0 77 68 79 32 101 120 116 114 97 32 100 97 116 97 32 108 111 99 107 0 0 0 0 0 0 0 0 0 0 0 0 0 0 0 0 0 0 0 0 0 0 0 0 0 0 0 0 0 0 0 0 0 0 0 0 0 0 0 0 0 0 0 0 0 1 0 0 0 0 0 0 0 0 0 0 0 0 0 0 0 0 0 0 0 0 0 0 0 0 0 0 0 0 0 0 0 0 0 0 1 0 0 0 0 17 0 0 0 0 0 0 0 0 0 0 0 0 0 0 0 0 0 0 0 0 0 0 0 0 0 0 0 0 0 0 0 141 1 0 0 129 64 1 0 1 0 0 0 5 20 0 0 0 0 0 0 2 0 0 0 0 0 14 0 2 0 0 0 208 0 0 0 255 255 255 255 7 224 1 0 0 0 0 0 data 26 0x1e007 0x9f 0xd0 0x2772 0xa0007 0x0 0xb0 0x2772 0xf0005 0x0 0x16459260 0x2707 0x20a510d0 0x6b 0x120007 0x2772 0x60 0x0 0x1c0002 0x0 0x230005 0x0 0x0 0x0 0x0 0x0 oops 2 10 java/util/LinkedHashMap 12 java/io/ExpiringCache$1
ciMethodData java/util/LinkedHashMap get (Ljava/lang/Object;)Ljava/lang/Object; 2 35780 orig 264 8 206 174 107 0 0 0 0 48 73 189 21 0 0 0 0 0 2 0 0 96 0 0 0 0 0 0 0 0 0 0 0 0 0 0 0 0 0 0 0 0 0 0 0 0 0 0 0 0 0 0 0 0 0 0 0 0 0 0 0 0 0 0 0 0 0 0 0 0 0 0 0 0 0 0 0 0 0 0 0 77 68 79 32 101 120 116 114 97 32 100 97 116 97 32 108 111 99 107 0 0 0 0 0 0 0 0 0 0 0 0 0 0 0 0 0 0 0 0 0 0 0 0 0 0 0 0 0 0 0 0 0 0 0 0 0 0 0 0 0 0 0 0 0 1 0 0 0 0 0 0 0 0 0 0 0 0 0 0 0 0 0 0 0 0 0 0 0 0 0 0 0 0 0 0 0 0 0 0 1 0 0 0 0 0 0 0 0 0 0 0 0 0 0 0 0 0 0 0 0 0 0 0 0 0 0 0 0 0 0 0 0 0 0 0 0 1 1 0 0 25 86 4 0 1 0 0 0 91 20 0 0 0 0 0 0 2 0 0 0 0 0 12 0 2 0 0 0 176 0 0 0 255 255 255 255 2 0 2 0 0 0 0 0 data 22 0x20002 0x8ac3 0x60005 0x3f 0x16459260 0x889a 0x20a510d0 0x1e9 0xb0007 0x7694 0x20 0x142f 0x14e007 0x7690 0x50 0x5 0x190005 0x0 0x16459260 0x5 0x0 0x0 oops 3 4 java/util/LinkedHashMap 6 java/io/ExpiringCache$1 18 java/util/LinkedHashMap
ciMethodData java/util/LinkedHashMap afterNodeAccess (Ljava/util/HashMap$Node;)V 2 5272 orig 264 8 206 174 107 0 0 0 0 208 67 189 21 0 0 0 0 104 2 0 0 200 0 0 0 0 0 0 0 0 0 0 0 0 0 0 0 0 0 0 0 0 0 0 0 0 0 0 0 0 0 0 0 0 0 0 0 0 0 0 0 0 0 0 0 0 0 0 0 0 0 0 0 0 0 0 0 0 0 0 0 77 68 79 32 101 120 116 114 97 32 100 97 116 97 32 108 111 99 107 0 0 0 0 0 0 0 0 0 0 0 0 0 0 0 0 0 0 0 0 0 0 0 0 0 0 0 0 0 0 0 0 0 0 0 0 0 0 0 0 0 0 0 0 0 0 0 0 0 0 0 0 0 0 0 0 0 0 0 0 0 0 0 0 0 0 0 0 0 0 0 0 0 0 0 0 0 0 0 0 0 0 0 0 0 17 0 0 0 0 0 0 0 0 0 0 0 0 0 0 0 1 0 0 0 0 0 0 0 0 0 0 0 0 0 0 0 99 0 0 0 169 161 0 0 1 0 0 0 0 0 0 0 0 0 0 0 2 0 0 0 0 0 17 0 2 0 0 0 24 1 0 0 255 255 255 255 7 0 4 0 0 0 0 0 data 35 0x40007 0x1430 0x118 0x5 0xe0007 0x0 0xf8 0x5 0x120004 0x0 0x16459680 0x5 0x0 0x0 0x290007 0x0 0x38 0x5 0x320003 0x5 0x18 0x3e0007 0x0 0x38 0x5 0x480003 0x5 0x18 0x4f0007 0x5 0x38 0x0 0x570003 0x0 0x18 oops 1 10 java/util/LinkedHashMap$Entry
ciMethodData java/lang/reflect/Array newInstance (Ljava/lang/Class;I)Ljava/lang/Object; 2 6522 orig 264 8 206 174 107 0 0 0 0 192 245 191 21 0 0 0 0 96 1 0 0 0 0 0 0 0 0 0 0 0 0 0 0 0 0 0 0 0 0 0 0 0 0 0 0 0 0 0 0 0 0 0 0 0 0 0 0 0 0 0 0 0 0 0 0 0 0 0 0 0 0 0 0 0 0 0 0 0 0 0 0 77 68 79 32 101 120 116 114 97 32 100 97 116 97 32 108 111 99 107 0 0 0 0 0 0 0 0 0 0 0 0 0 0 0 0 0 0 0 0 0 0 0 0 0 0 0 0 0 0 0 0 0 0 0 0 0 0 0 0 0 0 0 0 0 0 0 0 0 0 0 0 0 0 0 0 0 0 0 0 0 0 0 0 0 1 0 0 0 0 0 0 0 0 0 0 0 0 0 0 0 0 0 0 0 0 0 0 0 0 0 0 0 0 0 0 0 0 0 0 0 0 0 0 0 0 0 0 0 0 0 0 0 0 0 0 0 103 0 0 0 153 200 0 0 1 0 0 0 0 0 0 0 0 0 0 0 2 0 0 0 0 0 3 0 2 0 0 0 16 0 0 0 255 255 255 255 2 64 2 0 0 0 0 0 data 2 0x24002 0x1917 oops 0
ciMethod java/util/LinkedHashMap$LinkedEntrySet <init> (Ljava/util/LinkedHashMap;)V 2313 1 8530 0 0
ciMethod java/util/LinkedHashMap$LinkedEntrySet size ()I 2065 1 1332 0 0
ciMethod java/util/LinkedHashMap$LinkedEntrySet iterator ()Ljava/util/Iterator; 3113 1 9035 0 224
ciMethod java/util/LinkedHashMap$LinkedEntryIterator <init> (Ljava/util/LinkedHashMap;)V 3113 1 9035 0 0
ciMethod java/util/LinkedHashMap$LinkedEntryIterator next ()Ljava/util/Map$Entry; 2049 1 9235 0 0
ciMethod java/util/LinkedHashMap$LinkedEntryIterator next ()Ljava/lang/Object; 2049 1 9235 0 160
ciMethodData java/util/Arrays copyOf ([Ljava/lang/Object;I)[Ljava/lang/Object; 2 23981 orig 264 8 206 174 107 0 0 0 0 160 42 185 21 0 0 0 0 192 1 0 0 0 0 0 0 0 0 0 0 0 0 0 0 0 0 0 0 0 0 0 0 0 0 0 0 0 0 0 0 0 0 0 0 0 0 0 0 0 0 0 0 0 0 0 0 0 0 0 0 0 0 0 0 0 0 0 0 0 0 0 0 77 68 79 32 101 120 116 114 97 32 100 97 116 97 32 108 111 99 107 0 0 0 0 0 0 0 0 0 0 0 0 0 0 0 0 0 0 0 0 0 0 0 0 0 0 0 0 0 0 0 0 0 0 0 0 0 0 0 0 0 0 0 0 0 0 0 0 0 0 0 0 0 0 0 0 0 0 0 0 0 0 0 0 0 0 0 0 0 0 0 0 0 0 0 0 0 0 0 0 0 0 0 0 0 0 0 0 0 0 0 0 0 0 0 0 0 0 0 0 0 0 0 0 0 0 0 0 0 0 0 0 0 0 0 0 0 0 1 0 0 105 229 2 0 1 0 0 0 0 0 0 0 0 0 0 0 2 0 0 0 0 0 3 0 2 0 0 0 112 0 0 0 255 255 255 255 5 0 3 0 0 0 0 0 data 14 0x30005 0x577 0x20653760 0x571d 0x1d305b80 0x1a 0x60002 0x5cad 0x90004 0x0 0x0 0x0 0x0 0x0 oops 2 2 [Ljava/lang/Object; 4 [Ljava/lang/Class;
ciMethodData java/util/LinkedHashMap$LinkedHashIterator <init> (Ljava/util/LinkedHashMap;)V 2 19735 orig 264 8 206 174 107 0 0 0 0 80 141 209 21 0 0 0 0 56 1 0 0 0 0 0 0 0 0 0 0 0 0 0 0 0 0 0 0 0 0 0 0 0 0 0 0 0 0 0 0 0 0 0 0 0 0 0 0 0 0 0 0 0 0 0 0 0 0 0 0 0 0 0 0 0 0 0 0 0 0 0 0 77 68 79 32 101 120 116 114 97 32 100 97 116 97 32 108 111 99 107 0 0 0 0 0 0 0 0 0 0 0 0 0 0 0 0 0 0 0 0 0 0 0 0 0 0 0 0 0 0 0 0 0 0 0 0 0 0 0 0 0 0 0 0 0 0 0 0 0 0 0 0 0 0 0 0 0 0 0 0 0 0 0 0 0 0 0 0 0 0 0 0 0 0 0 0 0 0 0 0 0 0 0 0 0 0 0 0 0 0 0 0 0 0 0 0 0 0 0 0 0 0 0 0 0 0 0 0 0 0 0 0 0 0 0 0 0 0 1 0 0 185 96 2 0 1 0 0 0 0 0 0 0 0 0 0 0 2 0 0 0 0 0 3 0 2 0 0 0 16 0 0 0 255 255 255 255 2 0 6 0 0 0 0 0 data 2 0x60002 0x4c17 oops 0
ciMethod java/util/AbstractMap$SimpleImmutableEntry <init> (Ljava/lang/Object;Ljava/lang/Object;)V 3329 1 47439 0 0
ciMethod java/util/Collections$UnmodifiableMap$UnmodifiableEntrySet$UnmodifiableEntry getKey ()Ljava/lang/Object; 3097 1 919 0 0
ciMethod java/util/Collections$UnmodifiableMap$UnmodifiableEntrySet$UnmodifiableEntry getValue ()Ljava/lang/Object; 4097 1 833 0 0
ciMethodData java/util/AbstractCollection toArray ([Ljava/lang/Object;)[Ljava/lang/Object; 2 29087 orig 264 8 206 174 107 0 0 0 0 40 142 179 21 0 0 0 0 16 5 0 0 0 3 0 0 0 0 0 0 0 0 0 0 0 0 0 0 0 0 0 0 0 0 0 0 0 0 0 0 0 0 0 0 0 0 0 0 0 0 0 0 0 0 0 0 0 0 0 0 0 0 0 0 0 0 0 0 0 0 0 0 77 68 79 32 101 120 116 114 97 32 100 97 116 97 32 108 111 99 107 0 0 0 0 0 0 0 0 0 0 0 0 0 0 0 0 0 0 0 0 0 0 0 0 0 0 0 0 0 0 0 0 0 0 0 0 0 0 0 0 0 0 0 0 0 2 0 0 0 0 0 0 0 0 0 0 0 0 0 0 0 0 0 0 0 0 4 0 0 0 0 0 0 0 0 0 1 0 0 0 0 0 0 0 0 0 0 0 0 0 0 0 0 0 0 0 0 0 0 0 0 0 0 0 0 0 0 0 0 0 0 0 0 0 0 0 0 3 8 0 0 97 138 0 0 113 54 2 0 0 0 0 0 0 0 0 0 2 0 0 0 1 0 21 0 2 0 0 0 192 3 0 0 255 255 255 255 5 0 1 0 0 0 0 0 data 120 0x10005 0x97c 0x19319f70 0x7ce 0x1931a020 0x2 0x80007 0x66a 0x38 0xae2 0xc0003 0xae2 0xe8 0x100005 0x54a 0x1931a0d0 0x116 0x1931a1f0 0xa 0x130005 0x546 0x29aa610 0x124 0x0 0x0 0x170002 0x66a 0x1a0004 0x0 0x1931a0d0 0x190 0x1931a1f0 0xa 0x1d0004 0x0 0x1931a0d0 0x7a 0x1a9c06e0 0x4cc 0x220005 0x97c 0x19319f70 0x7ce 0x1931a020 0x2 0x2e0007 0x1151 0x1e0 0x46c9 0x330005 0x36a0 0x1931a260 0xff2 0x1931a310 0x38 0x380007 0x46ca 0x118 0x0 0x3d0007 0x0 0x68 0x0 0x440004 0x0 0x0 0x0 0x0 0x0 0x450003 0x0 0xa8 0x4c0007 0x0 0x30 0x0 0x520002 0x0 0x5c0002 0x0 0x630007 0x0 0x50 0x0 0x6a0004 0x0 0x0 0x0 0x0 0x0 0x720005 0x36a0 0x1931a260 0xff2 0x1931a310 0x38 0x77d104 0x0 0x29aa580 0x14f3 0x1931a3c0 0x1c28 0x7b0003 0x46ce 0xfffffffffffffe38 0x800005 0x980 0x1931a260 0x7cf 0x1931a310 0x2 0x850007 0x1151 0x48 0x0 0x8b0002 0x0 0x8e0003 0x0 0x18 oops 19 2 java/util/ArrayList$SubList 4 java/util/HashSet 15 [Ljava/lang/annotation/Annotation; 17 [Ljava/lang/String; 21 java/lang/Class 29 [Ljava/lang/annotation/Annotation; 31 [Ljava/lang/String; 35 [Ljava/lang/annotation/Annotation; 37 [Ljava/util/Map$Entry; 41 java/util/ArrayList$SubList 43 java/util/HashSet 51 java/util/ArrayList$SubList$1 53 java/util/HashMap$KeyIterator 92 java/util/ArrayList$SubList$1 94 java/util/HashMap$KeyIterator 98 java/lang/String 100 java/beans/MethodDescriptor 107 java/util/ArrayList$SubList$1 109 java/util/HashMap$KeyIterator
ciMethodData java/lang/Integer rotateLeft (II)I 2 171750 orig 264 8 206 174 107 0 0 0 0 0 121 177 21 0 0 0 0 40 1 0 0 0 0 0 0 0 0 0 0 0 0 0 0 0 0 0 0 0 0 0 0 0 0 0 0 0 0 0 0 0 0 0 0 0 0 0 0 0 0 0 0 0 0 0 0 0 0 0 0 0 0 0 0 0 0 0 0 0 0 0 0 77 68 79 32 101 120 116 114 97 32 100 97 116 97 32 108 111 99 107 0 0 0 0 0 0 0 0 0 0 0 0 0 0 0 0 0 0 0 0 0 0 0 0 0 0 0 0 0 0 0 0 0 0 0 0 0 0 0 0 0 0 0 0 0 0 0 0 0 0 0 0 0 0 0 0 0 0 0 0 0 0 0 0 0 0 0 0 0 0 0 0 0 0 0 0 0 0 0 0 0 0 0 0 0 0 0 0 0 0 0 0 0 0 0 0 0 0 0 0 0 0 0 0 0 0 0 0 0 0 0 0 0 0 0 0 0 1 1 0 0 41 239 20 0 1 0 0 0 0 0 0 0 0 0 0 0 2 0 0 0 0 0 3 0 1 0 0 0 0 0 0 0 255 255 255 255 0 0 0 0 0 0 0 0 data 0 oops 0
ciMethodData java/util/LinkedHashMap <init> ()V 2 21896 orig 264 8 206 174 107 0 0 0 0 112 70 189 21 0 0 0 0 48 1 0 0 0 0 0 0 0 0 0 0 0 0 0 0 0 0 0 0 0 0 0 0 0 0 0 0 0 0 0 0 0 0 0 0 0 0 0 0 0 0 0 0 0 0 0 0 0 0 0 0 0 0 0 0 0 0 0 0 0 0 0 0 77 68 79 32 101 120 116 114 97 32 100 97 116 97 32 108 111 99 107 0 0 0 0 0 0 0 0 0 0 0 0 0 0 0 0 0 0 0 0 0 0 0 0 0 0 0 0 0 0 0 0 0 0 0 0 0 0 0 0 0 0 0 0 0 0 0 0 0 0 0 0 0 0 0 0 0 0 0 0 0 0 0 0 0 0 0 0 0 0 0 0 0 0 0 0 0 0 0 0 0 0 0 0 0 0 0 0 0 0 0 0 0 0 0 0 0 0 0 0 0 0 0 0 0 0 0 0 0 0 0 0 0 0 0 0 0 2 1 0 0 49 164 2 0 1 0 0 0 0 0 0 0 0 0 0 0 2 0 0 0 0 0 3 0 2 0 0 0 16 0 0 0 255 255 255 255 2 0 1 0 0 0 0 0 data 2 0x10002 0x5486 oops 0
ciMethodData java/util/AbstractMap$SimpleImmutableEntry <init> (Ljava/lang/Object;Ljava/lang/Object;)V 2 47439 orig 264 8 206 174 107 0 0 0 0 56 168 106 27 0 0 0 0 64 1 0 0 0 0 0 0 0 0 0 0 0 0 0 0 0 0 0 0 0 0 0 0 0 0 0 0 0 0 0 0 0 0 0 0 0 0 0 0 0 0 0 0 0 0 0 0 0 0 0 0 0 0 0 0 0 0 0 0 0 0 0 0 77 68 79 32 101 120 116 114 97 32 100 97 116 97 32 108 111 99 107 0 0 0 0 0 0 0 0 0 0 0 0 0 0 0 0 0 0 0 0 0 0 0 0 0 0 0 0 0 0 0 0 0 0 0 0 0 0 0 0 0 0 0 0 0 0 0 0 0 0 0 0 0 0 0 0 0 0 0 0 0 0 0 0 0 0 0 0 0 0 0 0 0 0 0 0 0 0 0 0 0 0 0 0 0 0 0 0 0 0 0 0 0 0 0 0 0 0 0 0 0 0 0 0 0 0 0 0 0 0 0 0 0 0 0 0 0 160 1 0 0 121 189 5 0 1 0 0 0 0 0 0 0 0 0 0 0 2 0 0 0 0 0 3 0 2 0 0 0 16 0 0 0 255 255 255 255 2 0 1 0 0 0 0 0 data 2 0x10002 0xb7b2 oops 0
ciMethodData java/util/LinkedHashMap$LinkedEntryIterator next ()Ljava/lang/Object; 2 9235 orig 264 8 206 174 107 0 0 0 0 24 117 227 21 0 0 0 0 120 1 0 0 0 0 0 0 0 0 0 0 0 0 0 0 0 0 0 0 0 0 0 0 0 0 0 0 0 0 0 0 0 0 0 0 0 0 0 0 0 0 0 0 0 0 0 0 0 0 0 0 0 0 0 0 0 0 0 0 0 0 0 0 77 68 79 32 101 120 116 114 97 32 100 97 116 97 32 108 111 99 107 0 0 0 0 0 0 0 0 0 0 0 0 0 0 0 0 0 0 0 0 0 0 0 0 0 0 0 0 0 0 0 0 0 0 0 0 0 0 0 0 0 0 0 0 0 0 0 0 0 0 0 0 0 0 0 0 0 0 0 0 0 0 0 0 0 0 0 0 0 0 0 0 0 0 0 0 0 0 0 0 0 0 0 0 0 0 0 0 0 0 0 0 0 0 0 0 0 0 0 0 0 0 0 0 0 0 0 0 0 0 0 0 0 0 0 0 0 0 1 0 0 153 24 1 0 1 0 0 0 0 0 0 0 0 0 0 0 2 0 0 0 0 0 3 0 2 0 0 0 48 0 0 0 255 255 255 255 5 0 1 0 0 0 0 0 data 6 0x10005 0x0 0x164595d0 0x2313 0x0 0x0 oops 1 2 java/util/LinkedHashMap$LinkedEntryIterator
ciMethodData java/util/LinkedHashMap$LinkedEntryIterator next ()Ljava/util/Map$Entry; 2 9235 orig 264 8 206 174 107 0 0 0 0 128 116 227 21 0 0 0 0 120 1 0 0 0 0 0 0 0 0 0 0 0 0 0 0 0 0 0 0 0 0 0 0 0 0 0 0 0 0 0 0 0 0 0 0 0 0 0 0 0 0 0 0 0 0 0 0 0 0 0 0 0 0 0 0 0 0 0 0 0 0 0 0 77 68 79 32 101 120 116 114 97 32 100 97 116 97 32 108 111 99 107 0 0 0 0 0 0 0 0 0 0 0 0 0 0 0 0 0 0 0 0 0 0 0 0 0 0 0 0 0 0 0 0 0 0 0 0 0 0 0 0 0 0 0 0 0 0 0 0 0 0 0 0 0 0 0 0 0 0 0 0 0 0 0 0 0 0 0 0 0 0 0 0 0 0 0 0 0 0 0 0 0 0 0 0 0 0 0 0 0 0 0 0 0 0 0 0 0 0 0 0 0 0 0 0 0 0 0 0 0 0 0 0 0 0 0 0 0 0 1 0 0 153 24 1 0 1 0 0 0 0 0 0 0 0 0 0 0 2 0 0 0 0 0 3 0 2 0 0 0 48 0 0 0 255 255 255 255 5 0 1 0 0 0 0 0 data 6 0x10005 0x0 0x164595d0 0x2313 0x0 0x0 oops 1 2 java/util/LinkedHashMap$LinkedEntryIterator
ciMethod com/google/common/base/Preconditions checkArgument (ZLjava/lang/String;Ljava/lang/Object;Ljava/lang/Object;Ljava/lang/Object;Ljava/lang/Object;)V 3561 1 8666 0 96
ciMethod com/google/common/base/Preconditions checkPositionIndex (II)I 2073 1 28539 0 -1
ciMethod com/google/common/collect/Lists newArrayList (Ljava/util/Iterator;)Ljava/util/ArrayList; 25 1 6 0 -1
ciMethod com/google/common/collect/ImmutableList get (I)Ljava/lang/Object; 0 0 1 0 -1
ciMethod com/google/common/collect/CollectPreconditions checkEntryNotNull (Ljava/lang/Object;Ljava/lang/Object;)V 4097 1 7328 0 96
ciMethod com/google/common/collect/UnmodifiableIterator hasNext ()Z 0 0 1 0 -1
ciMethod com/google/common/collect/AbstractIndexedListIterator get (I)Ljava/lang/Object; 0 0 1 0 -1
ciMethod com/google/common/collect/AbstractIndexedListIterator hasNext ()Z 2113 1 10999 0 64
ciMethod com/google/common/collect/AbstractIndexedListIterator next ()Ljava/lang/Object; 50425 1 9161 0 224
ciMethod com/google/common/collect/RegularImmutableList size ()I 3097 1 1834 0 0
ciMethod com/google/common/collect/RegularImmutableList get (I)Ljava/lang/Object; 4097 1 1853 0 0
ciMethod com/google/common/collect/ImmutableMap of ()Lcom/google/common/collect/ImmutableMap; 2889 1 5055 0 0
ciMethod com/google/common/collect/ImmutableMap of (Ljava/lang/Object;Ljava/lang/Object;)Lcom/google/common/collect/ImmutableMap; 97 1 9181 0 0
ciMethod com/google/common/collect/ImmutableMap entryOf (Ljava/lang/Object;Ljava/lang/Object;)Ljava/util/Map$Entry; 4097 1 30010 0 0
ciMethod com/google/common/collect/ImmutableMap copyOf (Ljava/util/Map;)Lcom/google/common/collect/ImmutableMap; 2081 1 21424 0 1952
ciMethod com/google/common/collect/ImmutableMap copyOf (Ljava/lang/Iterable;)Lcom/google/common/collect/ImmutableMap; 2233 1 9240 0 1504
ciMethod com/google/common/collect/ImmutableMap copyOfEnumMap (Ljava/util/EnumMap;)Lcom/google/common/collect/ImmutableMap; 0 0 1 0 -1
ciMethod com/google/common/collect/ImmutableMap <init> ()V 273 1 10222 0 0
ciMethod com/google/common/collect/ImmutableMap get (Ljava/lang/Object;)Ljava/lang/Object; 0 0 1 0 -1
ciMethod com/google/common/collect/ImmutableMap isPartialView ()Z 0 0 1 0 -1
ciMethod com/google/common/collect/ImmutableBiMap of (Ljava/lang/Object;Ljava/lang/Object;)Lcom/google/common/collect/ImmutableBiMap; 97 1 9181 0 0
ciMethod com/google/common/collect/ImmutableBiMap <init> ()V 97 1 9240 0 32
ciMethod com/google/common/collect/ImmutableBiMapFauxverideShim <init> ()V 97 1 9240 0 0
ciMethod com/google/common/collect/RegularImmutableMap fromEntries ([Ljava/util/Map$Entry;)Lcom/google/common/collect/ImmutableMap; 401 1 384 0 0
ciMethod com/google/common/collect/RegularImmutableMap fromEntryArray (I[Ljava/util/Map$Entry;)Lcom/google/common/collect/ImmutableMap; 153 4897 977 0 3040
ciMethod com/google/common/collect/RegularImmutableMap makeImmutable (Ljava/util/Map$Entry;Ljava/lang/Object;Ljava/lang/Object;)Lcom/google/common/collect/ImmutableMapEntry; 3105 1 6377 0 -1
ciMethod com/google/common/collect/RegularImmutableMap <init> ([Ljava/util/Map$Entry;[Lcom/google/common/collect/ImmutableMapEntry;I)V 881 1 978 0 -1
ciMethod com/google/common/collect/RegularImmutableMap checkNoConflictInKeyBucket (Ljava/lang/Object;Ljava/util/Map$Entry;Lcom/google/common/collect/ImmutableMapEntry;)I 4097 1537 6750 0 -1
ciMethod com/google/common/collect/RegularImmutableMap get (Ljava/lang/Object;)Ljava/lang/Object; 2049 1 42009 0 416
ciMethod com/google/common/collect/RegularImmutableMap get (Ljava/lang/Object;[Lcom/google/common/collect/ImmutableMapEntry;I)Ljava/lang/Object; 2049 1249 8839 0 384
ciMethod com/google/common/collect/ImmutableSet iterator ()Lcom/google/common/collect/UnmodifiableIterator; 0 0 1 0 -1
ciMethod com/google/common/collect/ImmutableMapEntry createEntryArray (I)[Lcom/google/common/collect/ImmutableMapEntry; 1001 1 996 0 -1
ciMethod com/google/common/collect/ImmutableMapEntry getNextInKeyBucket ()Lcom/google/common/collect/ImmutableMapEntry; 1377 1 172 0 0
ciMethod com/google/common/collect/ImmutableEntry getKey ()Ljava/lang/Object; 2169 1 271 0 0
ciMethod com/google/common/collect/ImmutableEntry getValue ()Ljava/lang/Object; 1025 1 128 0 0
ciMethod com/google/common/collect/ImmutableMapEntry$NonTerminalImmutableMapEntry <init> (Ljava/lang/Object;Ljava/lang/Object;Lcom/google/common/collect/ImmutableMapEntry;)V 2161 1 15888 0 -1
ciMethod com/google/common/collect/ImmutableMapEntry$NonTerminalImmutableMapEntry getNextInKeyBucket ()Lcom/google/common/collect/ImmutableMapEntry; 1073 1 134 0 0
ciMethod com/google/common/collect/ImmutableMap$Builder <init> (I)V 3097 1 2576 0 0
ciMethod com/google/common/collect/ImmutableMap$Builder ensureCapacity (I)V 4097 1 8820 0 480
ciMethod com/google/common/collect/ImmutableMap$Builder put (Ljava/lang/Object;Ljava/lang/Object;)Lcom/google/common/collect/ImmutableMap$Builder; 4097 1 24875 0 928
ciMethod com/google/common/collect/ImmutableMap$Builder build ()Lcom/google/common/collect/ImmutableMap; 3097 1 2574 0 0
ciMethod com/google/common/collect/ImmutableCollection$Builder expandedCapacity (II)I 721 1 2093 0 0
ciMethod com/google/common/collect/Iterators$ArrayItr get (I)Ljava/lang/Object; 2105 1 1319 0 0
ciMethod com/google/common/collect/Hashing smear (I)I 4097 1 86359 0 64
ciMethod com/google/common/collect/Hashing closedTableSize (ID)I 881 1 978 0 -1
ciMethod com/google/common/collect/SingletonImmutableBiMap <init> (Ljava/lang/Object;Ljava/lang/Object;)V 97 1 9181 0 0
ciMethod com/google/common/collect/Maps valueFunction ()Lcom/google/common/base/Function; 0 0 1 0 -1
ciMethod com/google/common/collect/Maps newLinkedHashMap ()Ljava/util/LinkedHashMap; 1113 1 215 0 -1
ciMethod com/google/common/collect/Maps indexMap (Ljava/util/Collection;)Lcom/google/common/collect/ImmutableMap; 553 5289 107 0 -1
ciMethodData com/google/common/collect/CollectPreconditions checkEntryNotNull (Ljava/lang/Object;Ljava/lang/Object;)V 2 7328 orig 264 8 206 174 107 0 0 0 0 224 107 201 33 0 0 0 0 32 3 0 0 192 0 0 0 0 0 0 0 0 0 0 0 0 0 0 0 0 0 0 0 0 0 0 0 0 0 0 0 0 0 0 0 0 0 0 0 0 0 0 0 0 0 0 0 0 0 0 0 0 0 0 0 0 0 0 0 0 0 0 0 77 68 79 32 101 120 116 114 97 32 100 97 116 97 32 108 111 99 107 0 0 0 0 0 0 0 0 0 0 0 0 0 0 0 0 0 0 0 0 0 0 0 0 0 0 0 0 0 0 0 0 0 0 0 0 0 0 0 0 0 0 0 0 0 0 0 0 0 0 0 0 0 0 0 0 0 0 0 0 0 0 0 0 0 0 0 0 0 0 0 0 0 0 0 0 0 0 0 0 0 0 0 0 0 0 0 0 0 0 0 0 0 0 0 0 0 0 0 0 0 0 0 0 0 0 0 0 0 0 0 0 0 0 0 0 0 0 2 0 0 1 213 0 0 1 0 0 0 0 0 0 0 0 0 0 0 2 0 0 0 0 0 17 0 2 0 0 0 208 1 0 0 255 255 255 255 7 0 1 0 0 0 0 0 data 58 0x10007 0x1aa0 0xd0 0x0 0xc0002 0x0 0x110005 0x0 0x0 0x0 0x0 0x0 0x150005 0x0 0x0 0x0 0x0 0x0 0x180005 0x0 0x0 0x0 0x0 0x0 0x1b0002 0x0 0x200007 0x1aa0 0x100 0x0 0x2b0002 0x0 0x300005 0x0 0x0 0x0 0x0 0x0 0x340005 0x0 0x0 0x0 0x0 0x0 0x390005 0x0 0x0 0x0 0x0 0x0 0x3c0005 0x0 0x0 0x0 0x0 0x0 0x3f0002 0x0 oops 0
ciMethodData com/google/common/collect/ImmutableMap$Builder put (Ljava/lang/Object;Ljava/lang/Object;)Lcom/google/common/collect/ImmutableMap$Builder; 2 29995 orig 264 8 206 174 107 0 0 0 0 24 175 203 33 0 0 0 0 168 1 0 0 0 0 0 0 0 0 0 0 0 0 0 0 0 0 0 0 0 0 0 0 0 0 0 0 0 0 0 0 0 0 0 0 0 0 0 0 0 0 0 0 0 0 0 0 0 0 0 0 0 0 0 0 0 0 0 0 0 0 0 0 77 68 79 32 101 120 116 114 97 32 100 97 116 97 32 108 111 99 107 0 0 0 0 0 0 0 0 0 0 0 0 0 0 0 0 0 0 0 0 0 0 0 0 0 0 0 0 0 0 0 0 0 0 0 0 0 0 0 0 0 0 0 0 0 0 0 0 0 0 0 0 0 0 0 0 0 0 0 0 0 0 0 0 0 0 0 0 0 0 0 0 0 0 0 0 0 0 0 0 0 0 0 0 0 0 0 0 0 0 0 0 0 0 0 0 0 0 0 0 0 0 0 0 0 0 0 0 0 0 0 0 0 0 0 0 0 0 2 0 0 89 153 3 0 1 0 0 0 0 0 0 0 0 0 0 0 2 0 0 0 0 0 3 0 2 0 0 0 80 0 0 0 255 255 255 255 2 0 7 0 0 0 0 0 data 10 0x70002 0x732b 0xc0002 0x732b 0x200004 0x0 0x194449e0 0x732b 0x0 0x0 oops 1 6 java/util/AbstractMap$SimpleImmutableEntry
ciMethodData com/google/common/collect/ImmutableMap$Builder ensureCapacity (I)V 2 8820 orig 264 8 206 174 107 0 0 0 0 24 174 203 33 0 0 0 0 192 1 0 0 0 0 0 0 0 0 0 0 0 0 0 0 0 0 0 0 0 0 0 0 0 0 0 0 0 0 0 0 0 0 0 0 0 0 0 0 0 0 0 0 0 0 0 0 0 0 0 0 0 0 0 0 0 0 0 0 0 0 0 0 77 68 79 32 101 120 116 114 97 32 100 97 116 97 32 108 111 99 107 0 0 0 0 0 0 0 0 0 0 0 0 0 0 0 0 0 0 0 0 0 0 0 0 0 0 0 0 0 0 0 0 0 0 0 0 0 0 0 0 0 0 0 0 0 0 0 0 0 0 0 0 0 0 0 0 0 0 0 0 0 0 0 0 0 0 0 0 0 0 0 0 0 0 0 0 0 0 0 0 0 0 0 0 0 0 0 0 0 0 0 0 0 0 0 0 0 0 0 0 0 0 0 0 0 0 0 0 0 0 0 0 0 0 0 0 0 0 2 0 0 161 3 1 0 1 0 0 0 0 0 0 0 0 0 0 0 2 0 0 0 0 0 6 0 2 0 0 0 112 0 0 0 255 255 255 255 7 0 6 0 0 0 0 0 data 14 0x60007 0x2066 0x70 0xe 0x140002 0xe 0x170002 0xe 0x1a0004 0x0 0x1a9c06e0 0xe 0x0 0x0 oops 1 10 [Ljava/util/Map$Entry;
ciMethodData com/google/common/collect/ImmutableMap entryOf (Ljava/lang/Object;Ljava/lang/Object;)Ljava/util/Map$Entry; 2 30010 orig 264 8 206 174 107 0 0 0 0 224 118 202 33 0 0 0 0 112 1 0 0 0 0 0 0 0 0 0 0 0 0 0 0 0 0 0 0 0 0 0 0 0 0 0 0 0 0 0 0 0 0 0 0 0 0 0 0 0 0 0 0 0 0 0 0 0 0 0 0 0 0 0 0 0 0 0 0 0 0 0 0 77 68 79 32 101 120 116 114 97 32 100 97 116 97 32 108 111 99 107 0 0 0 0 0 0 0 0 0 0 0 0 0 0 0 0 0 0 0 0 0 0 0 0 0 0 0 0 0 0 0 0 0 0 0 0 0 0 0 0 0 0 0 0 0 0 0 0 0 0 0 0 0 0 0 0 0 0 0 0 0 0 0 0 0 0 0 0 0 0 0 0 0 0 0 0 0 0 0 0 0 0 0 0 0 0 0 0 0 0 0 0 0 0 0 0 0 0 0 0 0 0 0 0 0 0 0 0 0 0 0 0 0 0 0 0 0 0 2 0 0 209 153 3 0 1 0 0 0 0 0 0 0 0 0 0 0 2 0 0 0 0 0 0 0 0 0 0 0 32 0 0 0 255 255 255 255 2 0 2 0 0 0 0 0 data 4 0x20002 0x733a 0xb0002 0x733a oops 0
ciMethod com/google/common/collect/Ordering from (Ljava/util/Comparator;)Lcom/google/common/collect/Ordering; 9 1 1 0 -1
ciMethod com/google/common/collect/Ordering onResultOf (Lcom/google/common/base/Function;)Lcom/google/common/collect/Ordering; 0 0 1 0 -1
ciMethod com/google/common/collect/Iterables toArray (Ljava/lang/Iterable;[Ljava/lang/Object;)[Ljava/lang/Object; 4097 1 9250 0 0
ciMethod com/google/common/collect/Iterables castOrCopyToCollection (Ljava/lang/Iterable;)Ljava/util/Collection; 4097 1 9251 0 0
ciMethodData com/google/common/collect/Hashing smear (I)I 2 86359 orig 264 8 206 174 107 0 0 0 0 32 153 204 33 0 0 0 0 88 1 0 0 0 0 0 0 0 0 0 0 0 0 0 0 0 0 0 0 0 0 0 0 0 0 0 0 0 0 0 0 0 0 0 0 0 0 0 0 0 0 0 0 0 0 0 0 0 0 0 0 0 0 0 0 0 0 0 0 0 0 0 0 77 68 79 32 101 120 116 114 97 32 100 97 116 97 32 108 111 99 107 0 0 0 0 0 0 0 0 0 0 0 0 0 0 0 0 0 0 0 0 0 0 0 0 0 0 0 0 0 0 0 0 0 0 0 0 0 0 0 0 0 0 0 0 0 0 0 0 0 0 0 0 0 0 0 0 0 0 0 0 0 0 0 0 0 0 0 0 0 0 0 0 0 0 0 0 0 0 0 0 0 0 0 0 0 0 0 0 0 0 0 0 0 0 0 0 0 0 0 0 0 0 0 0 0 0 0 0 0 0 0 0 0 0 0 0 0 0 2 0 0 185 122 10 0 1 0 0 0 0 0 0 0 0 0 0 0 2 0 0 0 0 0 3 0 2 0 0 0 16 0 0 0 255 255 255 255 2 0 12 0 0 0 0 0 data 2 0xc0002 0x14f57 oops 0
ciMethodData com/google/common/collect/RegularImmutableList get (I)Ljava/lang/Object; 2 1853 orig 264 8 206 174 107 0 0 0 0 248 241 201 33 0 0 0 0 40 1 0 0 0 0 0 0 0 0 0 0 0 0 0 0 0 0 0 0 0 0 0 0 0 0 0 0 0 0 0 0 0 0 0 0 0 0 0 0 0 0 0 0 0 0 0 0 0 0 0 0 0 0 0 0 0 0 0 0 0 0 0 0 77 68 79 32 101 120 116 114 97 32 100 97 116 97 32 108 111 99 107 0 0 0 0 0 0 0 0 0 0 0 0 0 0 0 0 0 0 0 0 0 0 0 0 0 0 0 0 0 0 0 0 0 0 0 0 0 0 0 0 0 0 0 0 0 0 0 0 0 0 0 0 0 0 0 0 0 0 0 0 0 0 0 0 0 0 0 0 0 0 0 0 0 0 0 0 0 0 0 0 0 0 0 0 0 0 0 0 0 0 0 0 0 0 0 0 0 0 0 0 0 0 0 0 0 0 0 0 0 0 0 0 0 0 0 0 0 0 2 0 0 233 41 0 0 1 0 0 0 0 0 0 0 0 0 0 0 2 0 0 0 0 0 3 0 1 0 0 0 0 0 0 0 255 255 255 255 0 0 0 0 0 0 0 0 data 0 oops 0
ciMethodData java/util/LinkedHashMap$LinkedEntrySet size ()I 2 1332 orig 264 8 206 174 107 0 0 0 0 216 105 227 21 0 0 0 0 32 1 0 0 0 0 0 0 0 0 0 0 0 0 0 0 0 0 0 0 0 0 0 0 0 0 0 0 0 0 0 0 0 0 0 0 0 0 0 0 0 0 0 0 0 0 0 0 0 0 0 0 0 0 0 0 0 0 0 0 0 0 0 0 77 68 79 32 101 120 116 114 97 32 100 97 116 97 32 108 111 99 107 0 0 0 0 0 0 0 0 0 0 0 0 0 0 0 0 0 0 0 0 0 0 0 0 0 0 0 0 0 0 0 0 0 0 0 0 0 0 0 0 0 0 0 0 0 0 0 0 0 0 0 0 0 0 0 0 0 0 0 0 0 0 0 0 0 0 0 0 0 0 0 0 0 0 0 0 0 0 0 0 0 0 0 0 0 0 0 0 0 0 0 0 0 0 0 0 0 0 0 0 0 0 0 0 0 0 0 0 0 0 0 0 0 0 0 0 0 2 1 0 0 145 33 0 0 1 0 0 0 0 0 0 0 0 0 0 0 2 0 0 0 0 0 3 0 1 0 0 0 0 0 0 0 255 255 255 255 0 0 0 0 0 0 0 0 data 0 oops 0
ciMethodData java/util/LinkedHashMap entrySet ()Ljava/util/Set; 2 9221 orig 264 8 206 174 107 0 0 0 0 48 77 189 21 0 0 0 0 104 1 0 0 0 0 0 0 0 0 0 0 0 0 0 0 0 0 0 0 0 0 0 0 0 0 0 0 0 0 0 0 0 0 0 0 0 0 0 0 0 0 0 0 0 0 0 0 0 0 0 0 0 0 0 0 0 0 0 0 0 0 0 0 77 68 79 32 101 120 116 114 97 32 100 97 116 97 32 108 111 99 107 0 0 0 0 0 0 0 0 0 0 0 0 0 0 0 0 0 0 0 0 0 0 0 0 0 0 0 0 0 0 0 0 0 0 0 0 0 0 0 0 0 0 0 0 0 0 0 0 0 0 0 0 0 0 0 0 0 0 0 0 0 0 0 0 0 0 0 0 0 0 0 0 0 0 0 0 0 0 0 0 0 0 0 0 0 0 0 0 0 0 0 0 0 0 0 0 0 0 0 0 0 0 0 0 0 0 0 0 0 0 0 0 0 0 0 0 0 133 1 0 0 1 20 1 0 1 0 0 0 0 0 0 0 0 0 0 0 2 0 0 0 0 0 6 0 2 0 0 0 72 0 0 0 255 255 255 255 7 0 6 0 0 0 0 0 data 9 0x60007 0x24f 0x48 0x2031 0xf0002 0x2031 0x160003 0x2031 0x18 oops 0
ciMethodData java/util/LinkedHashMap$LinkedEntrySet <init> (Ljava/util/LinkedHashMap;)V 2 8530 orig 264 8 206 174 107 0 0 0 0 64 105 227 21 0 0 0 0 56 1 0 0 0 0 0 0 0 0 0 0 0 0 0 0 0 0 0 0 0 0 0 0 0 0 0 0 0 0 0 0 0 0 0 0 0 0 0 0 0 0 0 0 0 0 0 0 0 0 0 0 0 0 0 0 0 0 0 0 0 0 0 0 77 68 79 32 101 120 116 114 97 32 100 97 116 97 32 108 111 99 107 0 0 0 0 0 0 0 0 0 0 0 0 0 0 0 0 0 0 0 0 0 0 0 0 0 0 0 0 0 0 0 0 0 0 0 0 0 0 0 0 0 0 0 0 0 0 0 0 0 0 0 0 0 0 0 0 0 0 0 0 0 0 0 0 0 0 0 0 0 0 0 0 0 0 0 0 0 0 0 0 0 0 0 0 0 0 0 0 0 0 0 0 0 0 0 0 0 0 0 0 0 0 0 0 0 0 0 0 0 0 0 0 0 0 0 0 0 33 1 0 0 137 1 1 0 1 0 0 0 0 0 0 0 0 0 0 0 2 0 0 0 0 0 0 0 0 0 0 0 16 0 0 0 255 255 255 255 2 0 6 0 0 0 0 0 data 2 0x60002 0x2031 oops 0
ciMethodData java/util/LinkedHashMap$LinkedEntrySet iterator ()Ljava/util/Iterator; 2 9035 orig 264 8 206 174 107 0 0 0 0 16 107 227 21 0 0 0 0 48 1 0 0 0 0 0 0 0 0 0 0 0 0 0 0 0 0 0 0 0 0 0 0 0 0 0 0 0 0 0 0 0 0 0 0 0 0 0 0 0 0 0 0 0 0 0 0 0 0 0 0 0 0 0 0 0 0 0 0 0 0 0 0 77 68 79 32 101 120 116 114 97 32 100 97 116 97 32 108 111 99 107 0 0 0 0 0 0 0 0 0 0 0 0 0 0 0 0 0 0 0 0 0 0 0 0 0 0 0 0 0 0 0 0 0 0 0 0 0 0 0 0 0 0 0 0 0 0 0 0 0 0 0 0 0 0 0 0 0 0 0 0 0 0 0 0 0 0 0 0 0 0 0 0 0 0 0 0 0 0 0 0 0 0 0 0 0 0 0 0 0 0 0 0 0 0 0 0 0 0 0 0 0 0 0 0 0 0 0 0 0 0 0 0 0 0 0 0 0 133 1 0 0 49 14 1 0 1 0 0 0 0 0 0 0 0 0 0 0 2 0 0 0 0 0 3 0 2 0 0 0 16 0 0 0 255 255 255 255 2 0 8 0 0 0 0 0 data 2 0x80002 0x21c6 oops 0
ciMethodData java/util/LinkedHashMap$LinkedEntryIterator <init> (Ljava/util/LinkedHashMap;)V 2 9035 orig 264 8 206 174 107 0 0 0 0 232 115 227 21 0 0 0 0 56 1 0 0 0 0 0 0 0 0 0 0 0 0 0 0 0 0 0 0 0 0 0 0 0 0 0 0 0 0 0 0 0 0 0 0 0 0 0 0 0 0 0 0 0 0 0 0 0 0 0 0 0 0 0 0 0 0 0 0 0 0 0 0 77 68 79 32 101 120 116 114 97 32 100 97 116 97 32 108 111 99 107 0 0 0 0 0 0 0 0 0 0 0 0 0 0 0 0 0 0 0 0 0 0 0 0 0 0 0 0 0 0 0 0 0 0 0 0 0 0 0 0 0 0 0 0 0 0 0 0 0 0 0 0 0 0 0 0 0 0 0 0 0 0 0 0 0 0 0 0 0 0 0 0 0 0 0 0 0 0 0 0 0 0 0 0 0 0 0 0 0 0 0 0 0 0 0 0 0 0 0 0 0 0 0 0 0 0 0 0 0 0 0 0 0 0 0 0 0 133 1 0 0 49 14 1 0 1 0 0 0 0 0 0 0 0 0 0 0 2 0 0 0 0 0 3 0 2 0 0 0 16 0 0 0 255 255 255 255 2 0 7 0 0 0 0 0 data 2 0x70002 0x21c6 oops 0
ciMethodData com/google/common/collect/AbstractIndexedListIterator hasNext ()Z 2 10999 orig 264 8 206 174 107 0 0 0 0 184 228 201 33 0 0 0 0 88 1 0 0 0 0 0 0 0 0 0 0 0 0 0 0 0 0 0 0 0 0 0 0 0 0 0 0 0 0 0 0 0 0 0 0 0 0 0 0 0 0 0 0 0 0 0 0 0 0 0 0 0 0 0 0 0 0 0 0 0 0 0 0 77 68 79 32 101 120 116 114 97 32 100 97 116 97 32 108 111 99 107 0 0 0 0 0 0 0 0 0 0 0 0 0 0 0 0 0 0 0 0 0 0 0 0 0 0 0 0 0 0 0 0 0 0 0 0 0 0 0 0 0 0 0 0 0 0 0 0 0 0 0 0 0 0 0 0 0 0 0 0 0 0 0 0 0 0 0 0 0 0 0 0 0 0 0 0 0 0 0 0 0 0 0 0 0 0 0 0 0 0 0 0 0 0 0 0 0 0 0 0 0 0 0 0 0 0 0 0 0 0 0 0 0 0 0 0 0 8 1 0 0 121 79 1 0 1 0 0 0 0 0 0 0 0 0 0 0 2 0 0 0 0 0 6 0 2 0 0 0 56 0 0 0 255 255 255 255 7 0 8 0 0 0 0 0 data 7 0x80007 0x655 0x38 0x239a 0xc0003 0x239a 0x18 oops 0
ciMethodData com/google/common/collect/RegularImmutableMap get (Ljava/lang/Object;[Lcom/google/common/collect/ImmutableMapEntry;I)Ljava/lang/Object; 2 8839 orig 264 8 206 174 107 0 0 0 0 240 37 203 33 0 0 0 0 240 2 0 0 112 0 0 0 0 0 0 0 0 0 0 0 0 0 0 0 0 0 0 0 0 0 0 0 0 0 0 0 0 0 0 0 0 0 0 0 0 0 0 0 0 0 0 0 0 0 0 0 0 0 0 0 0 0 0 0 0 0 0 0 77 68 79 32 101 120 116 114 97 32 100 97 116 97 32 108 111 99 107 0 0 0 0 0 0 0 0 0 0 0 0 0 0 0 0 0 0 0 0 0 0 0 0 0 0 0 0 0 0 0 0 0 0 0 0 0 0 0 0 0 0 0 0 0 0 0 0 0 0 0 0 0 0 0 0 0 0 0 0 0 0 0 0 0 0 0 0 0 0 0 0 0 0 0 0 0 0 0 0 0 0 0 0 0 0 0 0 0 0 0 0 0 0 0 0 0 0 0 0 0 0 0 0 0 0 0 0 0 0 0 0 0 0 0 0 0 0 1 0 0 57 12 1 0 73 61 0 0 0 0 0 0 0 0 0 0 2 0 0 0 1 0 13 0 2 0 0 0 152 1 0 0 255 255 255 255 7 0 1 0 0 0 0 0 data 51 0x10007 0x0 0x40 0x2187 0x50007 0x2011 0x20 0x176 0xb0005 0x1f9e 0x19104040 0x6f 0x191040f0 0x4 0xe0002 0x2011 0x1b0007 0x8b 0x118 0x272f 0x200005 0x0 0x190fd830 0xad5 0x191041a0 0x1c5a 0x280005 0x26c4 0x19104040 0x67 0x191040f0 0x4 0x2b0007 0x7a9 0x50 0x1f86 0x300005 0x0 0x190fd830 0xa5d 0x191041a0 0x1529 0x360005 0x0 0x190fd830 0x78 0x191041a0 0x731 0x3b0003 0x7a9 0xffffffffffffff00 oops 10 10 com/android/build/gradle/options/BooleanOption 12 com/android/builder/core/VariantTypeImpl 22 com/google/common/collect/ImmutableMapEntry 24 com/google/common/collect/ImmutableMapEntry$NonTerminalImmutableMapEntry 28 com/android/build/gradle/options/BooleanOption 30 com/android/builder/core/VariantTypeImpl 38 com/google/common/collect/ImmutableMapEntry 40 com/google/common/collect/ImmutableMapEntry$NonTerminalImmutableMapEntry 44 com/google/common/collect/ImmutableMapEntry 46 com/google/common/collect/ImmutableMapEntry$NonTerminalImmutableMapEntry
ciMethodData com/google/common/collect/RegularImmutableMap get (Ljava/lang/Object;)Ljava/lang/Object; 2 42009 orig 264 8 206 174 107 0 0 0 0 168 36 203 33 0 0 0 0 96 1 0 0 0 0 0 0 0 0 0 0 0 0 0 0 0 0 0 0 0 0 0 0 0 0 0 0 0 0 0 0 0 0 0 0 0 0 0 0 0 0 0 0 0 0 0 0 0 0 0 0 0 0 0 0 0 0 0 0 0 0 0 0 77 68 79 32 101 120 116 114 97 32 100 97 116 97 32 108 111 99 107 0 0 0 0 0 0 0 0 0 0 0 0 0 0 0 0 0 0 0 0 0 0 0 0 0 0 0 0 0 0 0 0 0 0 0 0 0 0 0 0 0 0 0 0 0 0 0 0 0 0 0 0 0 0 0 0 0 0 0 0 0 0 0 0 0 0 0 0 0 0 0 0 0 0 0 0 0 0 0 0 0 0 0 0 0 0 0 0 0 0 0 0 0 0 0 0 0 0 0 0 0 0 0 0 0 0 0 0 0 0 0 0 0 0 0 0 0 0 1 0 0 201 24 5 0 1 0 0 0 0 0 0 0 0 0 0 0 2 0 0 0 0 0 3 0 2 0 0 0 16 0 0 0 255 255 255 255 2 0 9 0 0 0 0 0 data 2 0x90002 0xa319 oops 0
ciMethodData java/util/HashMap$TreeNode putTreeVal (Ljava/util/HashMap;[Ljava/util/HashMap$Node;ILjava/lang/Object;Ljava/lang/Object;)Ljava/util/HashMap$TreeNode; 1 108 orig 264 8 206 174 107 0 0 0 0 8 90 194 21 0 0 0 0 176 5 0 0 80 0 0 0 0 0 0 0 0 0 0 0 0 0 0 0 0 0 0 0 0 0 0 0 0 0 0 0 0 0 0 0 0 0 0 0 0 0 0 0 0 0 0 0 0 0 0 0 0 0 0 0 0 0 0 0 0 0 0 0 77 68 79 32 101 120 116 114 97 32 100 97 116 97 32 108 111 99 107 0 0 0 0 0 0 0 0 0 0 0 0 0 0 0 0 0 0 0 0 0 0 0 0 0 0 0 0 0 0 0 0 0 0 0 0 0 0 0 0 0 0 0 0 0 0 0 0 0 0 0 0 0 0 0 0 0 0 0 0 0 0 0 0 0 0 0 0 0 0 0 0 0 0 0 0 0 0 0 0 0 0 0 0 0 0 0 0 0 0 0 0 0 0 0 0 0 0 0 0 0 0 0 0 0 0 0 0 0 0 0 0 0 0 0 0 0 3 0 0 0 73 3 0 0 209 1 0 0 0 0 0 0 0 0 0 0 2 0 0 0 0 0 0 0 0 0 0 0 64 4 0 0 255 255 255 255 7 0 10 0 0 0 0 0 data 136 0xa0007 0x69 0x68 0x0 0xe0005 0x0 0x0 0x0 0x0 0x0 0x110003 0x0 0x18 0x240007 0x9d 0x38 0x6 0x2a0003 0x6 0x270 0x300007 0x8e 0x38 0xf 0x360003 0xf 0x238 0x430007 0x0 0x90 0x8e 0x480007 0x0 0x70 0x8e 0x4f0005 0x0 0x1aaa4060 0x8e 0x0 0x0 0x520007 0x8b 0x20 0x3 0x5a0007 0x0 0x50 0x8b 0x5f0002 0x8b 0x650007 0x8b 0x50 0x0 0x6e0002 0x0 0x740007 0x0 0x130 0x0 0x790007 0x26 0x100 0x65 0x870007 0x1 0x70 0x64 0x910005 0x64 0x0 0x0 0x0 0x0 0x970007 0x26 0x90 0x3e 0xa20007 0x1 0x70 0x3e 0xac0005 0x3e 0x0 0x0 0x0 0x0 0xb20007 0x10 0x20 0x2e 0xbc0002 0x37 0xc70007 0x27 0x38 0x25 0xcf0003 0x25 0x18 0xda0007 0x3a 0xf8 0x12 0xec0005 0x0 0x16459260 0x12 0x0 0x0 0xf30007 0xb 0x38 0x7 0xfd0003 0x7 0x18 0x11d0007 0x3 0x50 0xf 0x1220004 0x0 0x195be790 0xf 0x0 0x0 0x12f0002 0x12 0x1320002 0x12 0x1370003 0x3a 0xfffffffffffffc40 oops 3 37 org/gradle/internal/reflect/MethodSet$MethodKey 108 java/util/LinkedHashMap 125 java/util/HashMap$TreeNode
ciMethodData com/google/common/collect/AbstractIndexedListIterator next ()Ljava/lang/Object; 2 9161 orig 264 8 206 174 107 0 0 0 0 144 229 201 33 0 0 0 0 216 1 0 0 96 0 0 0 0 0 0 0 0 0 0 0 0 0 0 0 0 0 0 0 0 0 0 0 0 0 0 0 0 0 0 0 0 0 0 0 0 0 0 0 0 0 0 0 0 0 0 0 0 0 0 0 0 0 0 0 0 0 0 0 77 68 79 32 101 120 116 114 97 32 100 97 116 97 32 108 111 99 107 0 0 0 0 0 0 0 0 0 0 0 0 0 0 0 0 0 0 0 0 0 0 0 0 0 0 0 0 0 0 0 0 0 0 0 0 0 0 0 0 0 0 0 0 0 1 0 0 0 0 0 0 0 0 0 0 0 0 0 0 0 0 0 0 0 0 0 0 2 0 0 0 0 0 0 0 0 0 4 0 0 0 0 0 0 0 0 0 0 0 0 0 0 0 0 0 0 0 0 0 0 0 0 0 0 0 0 0 0 0 0 0 0 0 0 0 0 0 1 0 0 241 166 0 0 1 0 0 0 0 0 0 0 0 0 0 0 2 0 0 0 0 0 5 0 2 0 0 0 144 0 0 0 255 255 255 255 5 0 1 0 0 0 0 0 data 18 0x10005 0xd6 0x164591b0 0x1408 0x0 0x0 0x40007 0x14de 0x30 0x0 0xb0002 0x0 0x1b7005 0x2 0x164591b0 0x140a 0x1a08add0 0xd8 oops 3 2 com/google/common/collect/Iterators$ArrayItr 14 com/google/common/collect/Iterators$ArrayItr 16 com/google/common/collect/ImmutableList$1
ciMethodData com/google/common/collect/Iterators$ArrayItr get (I)Ljava/lang/Object; 2 1319 orig 264 8 206 174 107 0 0 0 0 152 130 204 33 0 0 0 0 40 1 0 0 0 0 0 0 0 0 0 0 0 0 0 0 0 0 0 0 0 0 0 0 0 0 0 0 0 0 0 0 0 0 0 0 0 0 0 0 0 0 0 0 0 0 0 0 0 0 0 0 0 0 0 0 0 0 0 0 0 0 0 0 77 68 79 32 101 120 116 114 97 32 100 97 116 97 32 108 111 99 107 0 0 0 0 0 0 0 0 0 0 0 0 0 0 0 0 0 0 0 0 0 0 0 0 0 0 0 0 0 0 0 0 0 0 0 0 0 0 0 0 0 0 0 0 0 0 0 0 0 0 0 0 0 0 0 0 0 0 0 0 0 0 0 0 0 0 0 0 0 0 0 0 0 0 0 0 0 0 0 0 0 0 0 0 0 0 0 0 0 0 0 0 0 0 0 0 0 0 0 0 0 0 0 0 0 0 0 0 0 0 0 0 0 0 0 0 0 7 1 0 0 1 33 0 0 1 0 0 0 0 0 0 0 0 0 0 0 2 0 0 0 0 0 3 0 1 0 0 0 0 0 0 0 255 255 255 255 0 0 0 0 0 0 0 0 data 0 oops 0
ciMethodData com/google/common/collect/ImmutableCollection$Builder expandedCapacity (II)I 2 2093 orig 264 8 206 174 107 0 0 0 0 72 192 203 33 0 0 0 0 208 1 0 0 80 0 0 0 0 0 0 0 0 0 0 0 0 0 0 0 0 0 0 0 0 0 0 0 0 0 0 0 0 0 0 0 0 0 0 0 0 0 0 0 0 0 0 0 0 0 0 0 0 0 0 0 0 0 0 0 0 0 0 0 77 68 79 32 101 120 116 114 97 32 100 97 116 97 32 108 111 99 107 0 0 0 0 0 0 0 0 0 0 0 0 0 0 0 0 0 0 0 0 0 0 0 0 0 0 0 0 0 0 0 0 0 0 0 0 0 0 0 0 0 0 0 0 0 0 0 0 0 0 0 0 0 0 0 0 0 0 0 0 0 0 0 0 0 0 0 0 0 0 0 0 0 0 0 0 0 0 0 0 0 0 0 0 0 25 0 0 0 0 0 0 0 0 0 0 0 0 0 0 0 0 0 0 0 0 0 0 0 0 0 0 0 0 0 0 0 90 0 0 0 153 62 0 0 1 0 0 0 0 0 0 0 0 0 0 0 2 0 0 0 0 0 11 0 2 0 0 0 128 0 0 0 255 255 255 255 7 0 1 0 0 0 0 0 data 16 0x10007 0x7d3 0x30 0x0 0xa0002 0x0 0x180007 0x7d3 0x30 0x0 0x1e0002 0x0 0x250007 0x7d3 0x20 0x0 oops 0
ciMethodData com/google/common/collect/RegularImmutableList size ()I 2 1834 orig 264 8 206 174 107 0 0 0 0 248 237 201 33 0 0 0 0 32 1 0 0 0 0 0 0 0 0 0 0 0 0 0 0 0 0 0 0 0 0 0 0 0 0 0 0 0 0 0 0 0 0 0 0 0 0 0 0 0 0 0 0 0 0 0 0 0 0 0 0 0 0 0 0 0 0 0 0 0 0 0 0 77 68 79 32 101 120 116 114 97 32 100 97 116 97 32 108 111 99 107 0 0 0 0 0 0 0 0 0 0 0 0 0 0 0 0 0 0 0 0 0 0 0 0 0 0 0 0 0 0 0 0 0 0 0 0 0 0 0 0 0 0 0 0 0 0 0 0 0 0 0 0 0 0 0 0 0 0 0 0 0 0 0 0 0 0 0 0 0 0 0 0 0 0 0 0 0 0 0 0 0 0 0 0 0 0 0 0 0 0 0 0 0 0 0 0 0 0 0 0 0 0 0 0 0 0 0 0 0 0 0 0 0 0 0 0 0 131 1 0 0 57 45 0 0 1 0 0 0 0 0 0 0 0 0 0 0 2 0 0 0 0 0 3 0 1 0 0 0 0 0 0 0 255 255 255 255 0 0 0 0 0 0 0 0 data 0 oops 0
ciMethodData com/google/common/collect/ImmutableMap of ()Lcom/google/common/collect/ImmutableMap; 2 5055 orig 264 8 206 174 107 0 0 0 0 32 113 202 33 0 0 0 0 24 1 0 0 0 0 0 0 0 0 0 0 0 0 0 0 0 0 0 0 0 0 0 0 0 0 0 0 0 0 0 0 0 0 0 0 0 0 0 0 0 0 0 0 0 0 0 0 0 0 0 0 0 0 0 0 0 0 0 0 0 0 0 0 77 68 79 32 101 120 116 114 97 32 100 97 116 97 32 108 111 99 107 0 0 0 0 0 0 0 0 0 0 0 0 0 0 0 0 0 0 0 0 0 0 0 0 0 0 0 0 0 0 0 0 0 0 0 0 0 0 0 0 0 0 0 0 0 0 0 0 0 0 0 0 0 0 0 0 0 0 0 0 0 0 0 0 0 0 0 0 0 0 0 0 0 0 0 0 0 0 0 0 0 0 0 0 0 0 0 0 0 0 0 0 0 0 0 0 0 0 0 0 0 0 0 0 0 0 0 0 0 0 0 0 0 0 0 0 0 105 1 0 0 177 146 0 0 1 0 0 0 0 0 0 0 0 0 0 0 2 0 0 0 0 0 3 0 1 0 0 0 0 0 0 0 255 255 255 255 0 0 0 0 0 0 0 0 data 0 oops 0
ciMethodData com/google/common/collect/ImmutableMap$Builder <init> (I)V 2 2657 orig 264 8 206 174 107 0 0 0 0 64 173 203 33 0 0 0 0 56 1 0 0 0 0 0 0 0 0 0 0 0 0 0 0 0 0 0 0 0 0 0 0 0 0 0 0 0 0 0 0 0 0 0 0 0 0 0 0 0 0 0 0 0 0 0 0 0 0 0 0 0 0 0 0 0 0 0 0 0 0 0 0 77 68 79 32 101 120 116 114 97 32 100 97 116 97 32 108 111 99 107 0 0 0 0 0 0 0 0 0 0 0 0 0 0 0 0 0 0 0 0 0 0 0 0 0 0 0 0 0 0 0 0 0 0 0 0 0 0 0 0 0 0 0 0 0 0 0 0 0 0 0 0 0 0 0 0 0 0 0 0 0 0 0 0 0 0 0 0 0 0 0 0 0 0 0 0 0 0 0 0 0 0 0 0 0 0 0 0 0 0 0 0 0 0 0 0 0 0 0 0 0 0 0 0 0 0 0 0 0 0 0 0 0 0 0 0 0 131 1 0 0 241 70 0 0 1 0 0 0 0 0 0 0 0 0 0 0 2 0 0 0 0 0 3 0 2 0 0 0 16 0 0 0 255 255 255 255 2 0 1 0 0 0 0 0 data 2 0x10002 0x8de oops 0
ciMethodData com/google/common/collect/ImmutableMap$Builder build ()Lcom/google/common/collect/ImmutableMap; 2 2671 orig 264 8 206 174 107 0 0 0 0 160 180 203 33 0 0 0 0 248 2 0 0 144 1 0 0 0 0 0 0 0 0 0 0 0 0 0 0 0 0 0 0 0 0 0 0 0 0 0 0 0 0 0 0 0 0 0 0 0 0 0 0 0 0 0 0 0 0 0 0 0 0 0 0 0 0 0 0 0 0 0 0 77 68 79 32 101 120 116 114 97 32 100 97 116 97 32 108 111 99 107 0 0 0 0 0 0 0 0 0 0 0 0 0 0 0 0 0 0 0 0 0 0 0 0 0 0 0 0 0 0 0 0 0 0 0 0 0 0 0 0 0 0 0 0 0 0 0 0 0 0 0 0 0 0 0 0 0 0 0 0 0 0 0 0 0 0 0 0 0 0 0 0 0 0 0 0 0 0 0 0 0 0 0 0 0 0 0 0 0 0 0 0 0 0 0 0 0 0 0 0 0 0 0 0 0 0 0 0 0 0 0 0 0 0 0 0 0 131 1 0 0 97 71 0 0 1 0 0 0 0 0 0 0 0 0 0 0 2 0 0 0 0 0 19 0 2 0 0 0 176 1 0 0 255 255 255 255 7 0 4 0 0 0 0 0 data 54 0x40007 0x8ec 0xe0 0x0 0xb0007 0x0 0x60 0x0 0x170002 0x0 0x1a0004 0x0 0x0 0x0 0x0 0x0 0x2d0002 0x0 0x300002 0x0 0x330005 0x0 0x0 0x0 0x0 0x0 0x360002 0x0 0x3d0008 0x6 0x0 0xc0 0x0 0x40 0x0 0x50 0x580002 0x70a 0x620005 0x0 0x194449e0 0x3c 0x0 0x0 0x6d0005 0x0 0x194449e0 0x3c 0x0 0x0 0x720002 0x3c 0x830002 0x1a6 oops 2 40 java/util/AbstractMap$SimpleImmutableEntry 46 java/util/AbstractMap$SimpleImmutableEntry
ciMethodData com/google/common/collect/ImmutableMap of (Ljava/lang/Object;Ljava/lang/Object;)Lcom/google/common/collect/ImmutableMap; 2 9181 orig 264 8 206 174 107 0 0 0 0 208 113 202 33 0 0 0 0 96 1 0 0 0 0 0 0 0 0 0 0 0 0 0 0 0 0 0 0 0 0 0 0 0 0 0 0 0 0 0 0 0 0 0 0 0 0 0 0 0 0 0 0 0 0 0 0 0 0 0 0 0 0 0 0 0 0 0 0 0 0 0 0 77 68 79 32 101 120 116 114 97 32 100 97 116 97 32 108 111 99 107 0 0 0 0 0 0 0 0 0 0 0 0 0 0 0 0 0 0 0 0 0 0 0 0 0 0 0 0 0 0 0 0 0 0 0 0 0 0 0 0 0 0 0 0 0 0 0 0 0 0 0 0 0 0 0 0 0 0 0 0 0 0 0 0 0 0 0 0 0 0 0 0 0 0 0 0 0 0 0 0 0 0 0 0 0 0 0 0 0 0 0 0 0 0 0 0 0 0 0 0 0 0 0 0 0 0 0 0 0 0 0 0 0 0 0 0 0 12 0 0 0 137 30 1 0 1 0 0 0 0 0 0 0 0 0 0 0 2 0 0 0 0 0 3 0 2 0 0 0 16 0 0 0 255 255 255 255 2 0 2 0 0 0 0 0 data 2 0x20002 0x23d1 oops 0
ciMethodData com/google/common/collect/ImmutableBiMap of (Ljava/lang/Object;Ljava/lang/Object;)Lcom/google/common/collect/ImmutableBiMap; 2 9181 orig 264 8 206 174 107 0 0 0 0 216 201 202 33 0 0 0 0 56 1 0 0 0 0 0 0 0 0 0 0 0 0 0 0 0 0 0 0 0 0 0 0 0 0 0 0 0 0 0 0 0 0 0 0 0 0 0 0 0 0 0 0 0 0 0 0 0 0 0 0 0 0 0 0 0 0 0 0 0 0 0 0 77 68 79 32 101 120 116 114 97 32 100 97 116 97 32 108 111 99 107 0 0 0 0 0 0 0 0 0 0 0 0 0 0 0 0 0 0 0 0 0 0 0 0 0 0 0 0 0 0 0 0 0 0 0 0 0 0 0 0 0 0 0 0 0 0 0 0 0 0 0 0 0 0 0 0 0 0 0 0 0 0 0 0 0 0 0 0 0 0 0 0 0 0 0 0 0 0 0 0 0 0 0 0 0 0 0 0 0 0 0 0 0 0 0 0 0 0 0 0 0 0 0 0 0 0 0 0 0 0 0 0 0 0 0 0 0 12 0 0 0 137 30 1 0 1 0 0 0 0 0 0 0 0 0 0 0 2 0 0 0 0 0 3 0 2 0 0 0 16 0 0 0 255 255 255 255 2 0 6 0 0 0 0 0 data 2 0x60002 0x23d1 oops 0
ciMethodData com/google/common/collect/SingletonImmutableBiMap <init> (Ljava/lang/Object;Ljava/lang/Object;)V 2 9181 orig 264 8 206 174 107 0 0 0 0 232 228 205 33 0 0 0 0 120 1 0 0 0 0 0 0 0 0 0 0 0 0 0 0 0 0 0 0 0 0 0 0 0 0 0 0 0 0 0 0 0 0 0 0 0 0 0 0 0 0 0 0 0 0 0 0 0 0 0 0 0 0 0 0 0 0 0 0 0 0 0 0 77 68 79 32 101 120 116 114 97 32 100 97 116 97 32 108 111 99 107 0 0 0 0 0 0 0 0 0 0 0 0 0 0 0 0 0 0 0 0 0 0 0 0 0 0 0 0 0 0 0 0 0 0 0 0 0 0 0 0 0 0 0 0 0 0 0 0 0 0 0 0 0 0 0 0 0 0 0 0 0 0 0 0 0 0 0 0 0 0 0 0 0 0 0 0 0 0 0 0 0 0 0 0 0 0 0 0 0 0 0 0 0 0 0 0 0 0 0 0 0 0 0 0 0 0 0 0 0 0 0 0 0 0 0 0 0 12 0 0 0 137 30 1 0 1 0 0 0 0 0 0 0 0 0 0 0 2 0 0 0 0 0 3 0 2 0 0 0 32 0 0 0 255 255 255 255 2 0 1 0 0 0 0 0 data 4 0x10002 0x23d1 0x60002 0x23d1 oops 0
ciMethodData com/google/common/collect/ImmutableBiMap <init> ()V 2 9240 orig 264 8 206 174 107 0 0 0 0 16 210 202 33 0 0 0 0 48 1 0 0 0 0 0 0 0 0 0 0 0 0 0 0 0 0 0 0 0 0 0 0 0 0 0 0 0 0 0 0 0 0 0 0 0 0 0 0 0 0 0 0 0 0 0 0 0 0 0 0 0 0 0 0 0 0 0 0 0 0 0 0 77 68 79 32 101 120 116 114 97 32 100 97 116 97 32 108 111 99 107 0 0 0 0 0 0 0 0 0 0 0 0 0 0 0 0 0 0 0 0 0 0 0 0 0 0 0 0 0 0 0 0 0 0 0 0 0 0 0 0 0 0 0 0 0 0 0 0 0 0 0 0 0 0 0 0 0 0 0 0 0 0 0 0 0 0 0 0 0 0 0 0 0 0 0 0 0 0 0 0 0 0 0 0 0 0 0 0 0 0 0 0 0 0 0 0 0 0 0 0 0 0 0 0 0 0 0 0 0 0 0 0 0 0 0 0 0 12 0 0 0 97 32 1 0 1 0 0 0 0 0 0 0 0 0 0 0 2 0 0 0 0 0 3 0 2 0 0 0 16 0 0 0 255 255 255 255 2 0 1 0 0 0 0 0 data 2 0x10002 0x240c oops 0
ciMethodData com/google/common/collect/ImmutableBiMapFauxverideShim <init> ()V 2 9240 orig 264 8 206 174 107 0 0 0 0 96 219 202 33 0 0 0 0 48 1 0 0 0 0 0 0 0 0 0 0 0 0 0 0 0 0 0 0 0 0 0 0 0 0 0 0 0 0 0 0 0 0 0 0 0 0 0 0 0 0 0 0 0 0 0 0 0 0 0 0 0 0 0 0 0 0 0 0 0 0 0 0 77 68 79 32 101 120 116 114 97 32 100 97 116 97 32 108 111 99 107 0 0 0 0 0 0 0 0 0 0 0 0 0 0 0 0 0 0 0 0 0 0 0 0 0 0 0 0 0 0 0 0 0 0 0 0 0 0 0 0 0 0 0 0 0 0 0 0 0 0 0 0 0 0 0 0 0 0 0 0 0 0 0 0 0 0 0 0 0 0 0 0 0 0 0 0 0 0 0 0 0 0 0 0 0 0 0 0 0 0 0 0 0 0 0 0 0 0 0 0 0 0 0 0 0 0 0 0 0 0 0 0 0 0 0 0 0 12 0 0 0 97 32 1 0 1 0 0 0 0 0 0 0 0 0 0 0 2 0 0 0 0 0 3 0 2 0 0 0 16 0 0 0 255 255 255 255 2 0 1 0 0 0 0 0 data 2 0x10002 0x240c oops 0
ciMethodData com/google/common/collect/ImmutableMap <init> ()V 2 10222 orig 264 8 206 174 107 0 0 0 0 208 125 202 33 0 0 0 0 48 1 0 0 0 0 0 0 0 0 0 0 0 0 0 0 0 0 0 0 0 0 0 0 0 0 0 0 0 0 0 0 0 0 0 0 0 0 0 0 0 0 0 0 0 0 0 0 0 0 0 0 0 0 0 0 0 0 0 0 0 0 0 0 77 68 79 32 101 120 116 114 97 32 100 97 116 97 32 108 111 99 107 0 0 0 0 0 0 0 0 0 0 0 0 0 0 0 0 0 0 0 0 0 0 0 0 0 0 0 0 0 0 0 0 0 0 0 0 0 0 0 0 0 0 0 0 0 0 0 0 0 0 0 0 0 0 0 0 0 0 0 0 0 0 0 0 0 0 0 0 0 0 0 0 0 0 0 0 0 0 0 0 0 0 0 0 0 0 0 0 0 0 0 0 0 0 0 0 0 0 0 0 0 0 0 0 0 0 0 0 0 0 0 0 0 0 0 0 0 34 0 0 0 97 62 1 0 1 0 0 0 0 0 0 0 0 0 0 0 2 0 0 0 0 0 3 0 2 0 0 0 16 0 0 0 255 255 255 255 2 0 1 0 0 0 0 0 data 2 0x10002 0x27cc oops 0
ciMethodData com/google/common/collect/RegularImmutableMap fromEntryArray (I[Ljava/util/Map$Entry;)Lcom/google/common/collect/ImmutableMap; 2 50611 orig 264 8 206 174 107 0 0 0 0 184 31 203 33 0 0 0 0 8 4 0 0 144 2 0 0 0 0 0 0 0 0 0 0 0 0 0 0 0 0 0 0 0 0 0 0 0 0 0 0 0 0 0 0 0 0 0 0 0 0 0 0 0 0 0 0 0 0 0 0 0 0 0 0 0 0 0 0 0 0 0 0 77 68 79 32 101 120 116 114 97 32 100 97 116 97 32 108 111 99 107 0 0 0 0 0 0 0 0 0 0 0 0 0 0 0 0 0 0 0 0 0 0 0 0 0 0 0 0 0 0 0 0 0 0 0 0 0 0 0 0 0 0 0 0 0 0 0 0 0 0 0 0 0 0 0 0 0 0 0 0 0 0 0 0 0 0 0 0 0 0 0 0 0 0 0 0 0 0 0 0 0 0 0 0 0 0 0 0 0 0 0 0 0 0 0 0 0 0 0 0 0 0 0 0 0 0 0 0 0 0 0 0 0 0 0 0 0 100 2 0 0 241 29 0 0 121 26 6 0 0 0 0 0 0 0 0 0 2 0 0 0 1 0 23 0 2 0 0 0 184 2 0 0 255 255 255 255 2 0 3 0 0 0 0 0 data 87 0x30002 0x3be 0x80007 0x3be 0x50 0x0 0xe0004 0x0 0x0 0x0 0x0 0x0 0x150007 0x5 0x38 0x3b9 0x1a0003 0x3b9 0x28 0x1e0002 0x5 0x260002 0x3be 0x2b0002 0x3be 0x3b0007 0x3be 0x1e0 0xc34e 0x460005 0x74 0x16459680 0x5f60 0x194449e0 0x637a 0x4f0005 0x74 0x16459680 0x5f60 0x194449e0 0x637a 0x5a0002 0xc34e 0x5f0005 0xc2a0 0x1aaa5020 0x69 0x163fcd10 0x45 0x620002 0xc34e 0x730007 0x3d61 0x48 0x85ed 0x7c0002 0x85ed 0x7f0003 0x85ed 0x28 0x8c0002 0x3d61 0x970004 0x0 0x190fd830 0x85ed 0x191041a0 0x3d61 0x9d0004 0x0 0x190fd830 0x85ed 0x191041a0 0x3d61 0xa40002 0xc34e 0xad0007 0xc34e 0x30 0x0 0xb20002 0x0 0xb90003 0xc34e 0xfffffffffffffe38 0xc50002 0x3be oops 10 31 java/util/LinkedHashMap$Entry 33 java/util/AbstractMap$SimpleImmutableEntry 37 java/util/LinkedHashMap$Entry 39 java/util/AbstractMap$SimpleImmutableEntry 45 com/android/manifmerger/XmlNode$NodeKey 47 java/lang/Integer 64 com/google/common/collect/ImmutableMapEntry 66 com/google/common/collect/ImmutableMapEntry$NonTerminalImmutableMapEntry 70 com/google/common/collect/ImmutableMapEntry 72 com/google/common/collect/ImmutableMapEntry$NonTerminalImmutableMapEntry
ciMethod com/google/common/collect/Table$Cell getRowKey ()Ljava/lang/Object; 0 0 1 0 -1
ciMethod com/google/common/collect/Table$Cell getColumnKey ()Ljava/lang/Object; 0 0 1 0 -1
ciMethod com/google/common/collect/Table$Cell getValue ()Ljava/lang/Object; 0 0 1 0 -1
ciMethod com/google/common/collect/RegularImmutableTable <init> ()V 545 1 107 0 -1
ciMethod com/google/common/collect/RegularImmutableTable checkNoDuplicate (Ljava/lang/Object;Ljava/lang/Object;Ljava/lang/Object;Ljava/lang/Object;)V 2993 1 20915 0 64
ciMethod com/google/common/collect/Tables$ImmutableCell getRowKey ()Ljava/lang/Object; 2449 1 306 0 0
ciMethod com/google/common/collect/Tables$ImmutableCell getColumnKey ()Ljava/lang/Object; 2625 1 328 0 0
ciMethod com/google/common/collect/Tables$ImmutableCell getValue ()Ljava/lang/Object; 2945 1 368 0 0
ciMethod com/google/common/collect/SparseImmutableTable <init> (Lcom/google/common/collect/ImmutableList;Lcom/google/common/collect/ImmutableSet;Lcom/google/common/collect/ImmutableSet;)V 545 483441 107 0 -1
ciMethodData com/google/common/collect/RegularImmutableTable checkNoDuplicate (Ljava/lang/Object;Ljava/lang/Object;Ljava/lang/Object;Ljava/lang/Object;)V 2 23641 orig 264 8 206 174 107 0 0 0 0 192 56 225 36 0 0 0 0 176 1 0 0 32 0 0 0 0 0 0 0 0 0 0 0 0 0 0 0 0 0 0 0 0 0 0 0 0 0 0 0 0 0 0 0 0 0 0 0 0 0 0 0 0 0 0 0 0 0 0 0 0 0 0 0 0 0 0 0 0 0 0 0 77 68 79 32 101 120 116 114 97 32 100 97 116 97 32 108 111 99 107 0 0 0 0 0 0 0 0 0 0 0 0 0 0 0 0 0 0 0 0 0 0 0 0 0 0 0 0 0 0 0 0 0 0 0 0 0 0 0 0 0 0 0 0 0 0 0 0 0 0 0 0 0 0 0 0 0 0 0 0 0 0 0 0 0 0 0 0 0 0 0 0 0 0 0 0 0 0 0 0 0 0 0 0 0 0 0 0 0 0 0 0 0 0 0 0 0 0 0 0 0 0 0 0 0 0 0 0 0 0 0 0 0 0 0 0 0 112 1 0 0 25 215 2 0 1 0 0 0 0 0 0 0 0 0 0 0 2 0 0 0 0 0 6 0 2 0 0 0 72 0 0 0 255 255 255 255 7 0 1 0 0 0 0 0 data 9 0x10007 0x0 0x38 0x5ae3 0x50003 0x5ae3 0x18 0x100002 0x5ae3 oops 0
ciMethodData com/google/common/base/Preconditions checkArgument (ZLjava/lang/String;Ljava/lang/Object;Ljava/lang/Object;Ljava/lang/Object;Ljava/lang/Object;)V 2 8666 orig 264 8 206 174 107 0 0 0 0 112 81 200 33 0 0 0 0 112 2 0 0 0 0 0 0 0 0 0 0 0 0 0 0 0 0 0 0 0 0 0 0 0 0 0 0 0 0 0 0 0 0 0 0 0 0 0 0 0 0 0 0 0 0 0 0 0 0 0 0 0 0 0 0 0 0 0 0 0 0 0 0 77 68 79 32 101 120 116 114 97 32 100 97 116 97 32 108 111 99 107 0 0 0 0 0 0 0 0 0 0 0 0 0 0 0 0 0 0 0 0 0 0 0 0 0 0 0 0 0 0 0 0 0 0 0 0 0 0 0 0 0 0 0 0 0 0 0 0 0 0 0 0 0 0 0 0 0 0 0 0 0 0 0 0 0 0 0 0 0 0 0 0 0 0 0 0 0 0 0 0 0 0 0 0 0 0 0 0 0 0 0 0 0 0 0 0 0 0 0 0 0 0 0 0 0 0 0 0 0 0 0 0 0 0 0 0 0 184 1 0 0 233 0 1 0 1 0 0 0 0 0 0 0 0 0 0 0 2 0 0 0 0 0 5 0 2 0 0 0 0 1 0 0 255 255 255 255 7 0 1 0 0 0 0 0 data 32 0x10007 0x201d 0x100 0x0 0x100004 0x0 0x0 0x0 0x0 0x0 0x140004 0x0 0x0 0x0 0x0 0x0 0x190004 0x0 0x0 0x0 0x0 0x0 0x1e0004 0x0 0x0 0x0 0x0 0x0 0x1f0002 0x0 0x220002 0x0 oops 0
ciMethodData com/google/common/collect/ImmutableMap copyOf (Ljava/util/Map;)Lcom/google/common/collect/ImmutableMap; 2 21424 orig 264 8 206 174 107 0 0 0 0 232 122 202 33 0 0 0 0 80 3 0 0 200 1 0 0 0 0 0 0 0 0 0 0 0 0 0 0 0 0 0 0 0 0 0 0 0 0 0 0 0 0 0 0 0 0 0 0 0 0 0 0 0 0 0 0 0 0 0 0 0 0 0 0 0 0 0 0 0 0 0 0 77 68 79 32 101 120 116 114 97 32 100 97 116 97 32 108 111 99 107 0 0 0 0 0 0 0 0 0 0 0 0 0 0 0 0 0 0 0 0 0 0 0 0 0 0 0 0 0 0 0 0 0 0 0 0 0 0 0 0 0 0 0 0 0 2 0 0 0 0 0 0 0 0 0 0 0 0 0 0 0 0 0 0 0 4 0 0 0 0 0 0 0 0 0 0 0 0 0 0 1 0 0 0 0 0 0 0 0 0 0 0 0 0 0 0 0 0 0 0 0 0 0 0 0 0 0 0 0 0 0 0 0 0 0 0 0 4 1 0 0 97 149 2 0 1 0 0 0 138 30 0 0 0 0 0 0 2 0 0 0 0 0 13 0 2 0 0 0 8 2 0 0 255 255 255 255 4 0 1 0 0 0 0 0 data 65 0x10004 0xffffffffffffc1ff 0x16459260 0xc8f 0x16459470 0x14ab 0x4e007 0x3e01 0x108 0x14ac 0x80004 0xffffffffffffeb54 0x16459470 0x13c 0x0 0x0 0xb0007 0x0 0xb8 0x14ac 0xf0004 0x0 0x16459470 0x14ac 0x0 0x0 0x140005 0x0 0x16459470 0x14ac 0x0 0x0 0x170007 0x0 0x20 0x14ac 0x1c0003 0x0 0xa8 0x200004 0xffffffffffffc1ff 0x16459260 0xc8f 0x1aa343a0 0x1 0x230007 0x3e01 0x60 0x0 0x270004 0x0 0x0 0x0 0x0 0x0 0x2a0002 0x0 0x31c005 0x3 0x16459260 0x3dfd 0x1aa343a0 0x5 0x360002 0x3e05 oops 9 2 java/util/LinkedHashMap 4 com/google/common/collect/RegularImmutableMap 12 com/google/common/collect/RegularImmutableMap 22 com/google/common/collect/RegularImmutableMap 28 com/google/common/collect/RegularImmutableMap 41 java/util/LinkedHashMap 43 java/util/Collections$UnmodifiableMap 59 java/util/LinkedHashMap 61 java/util/Collections$UnmodifiableMap
ciMethodData com/google/common/collect/ImmutableMap copyOf (Ljava/lang/Iterable;)Lcom/google/common/collect/ImmutableMap; 2 9240 orig 264 8 206 174 107 0 0 0 0 8 124 202 33 0 0 0 0 136 2 0 0 0 0 0 0 0 0 0 0 0 0 0 0 0 0 0 0 0 0 0 0 0 0 0 0 0 0 0 0 0 0 0 0 0 0 0 0 0 0 0 0 0 0 0 0 0 0 0 0 0 0 0 0 0 0 0 0 0 0 0 0 77 68 79 32 101 120 116 114 97 32 100 97 116 97 32 108 111 99 107 0 0 0 0 0 0 0 0 0 0 0 0 0 0 0 0 0 0 0 0 0 0 0 0 0 0 0 0 0 0 0 0 0 0 0 0 0 0 0 0 0 0 0 0 0 1 0 0 0 0 0 0 0 0 0 0 0 0 0 0 0 0 0 0 0 0 0 0 0 0 0 0 0 0 0 0 0 0 0 0 0 0 0 0 0 0 0 0 0 0 0 0 0 0 0 0 0 0 0 0 0 0 0 0 0 0 0 0 0 0 0 0 0 0 0 0 0 17 1 0 0 9 24 1 0 1 0 0 0 0 0 0 0 0 0 0 0 2 0 0 0 0 0 11 0 2 0 0 0 64 1 0 0 255 255 255 255 2 0 4 0 0 0 0 0 data 40 0x40002 0x2301 0x70004 0x0 0x1a9c06e0 0x2305 0x0 0x0 0xa0004 0x0 0x1a9c06e0 0x8c5 0x0 0x0 0x100008 0x6 0x16 0xc0 0x5 0x40 0x8aa 0x50 0x2c0002 0x5 0x350005 0x0 0x16459680 0x2294 0x1f7e2030 0x1 0x3b0005 0x0 0x16459680 0x2294 0x1f7e2030 0x1 0x400002 0x2295 0x450002 0x6b oops 6 4 [Ljava/util/Map$Entry; 10 [Ljava/util/Map$Entry; 26 java/util/LinkedHashMap$Entry 28 java/util/Collections$UnmodifiableMap$UnmodifiableEntrySet$UnmodifiableEntry 32 java/util/LinkedHashMap$Entry 34 java/util/Collections$UnmodifiableMap$UnmodifiableEntrySet$UnmodifiableEntry
ciMethodData com/google/common/collect/Iterables castOrCopyToCollection (Ljava/lang/Iterable;)Ljava/util/Collection; 2 9251 orig 264 8 206 174 107 0 0 0 0 160 70 109 34 0 0 0 0 32 2 0 0 0 0 0 0 0 0 0 0 0 0 0 0 0 0 0 0 0 0 0 0 0 0 0 0 0 0 0 0 0 0 0 0 0 0 0 0 0 0 0 0 0 0 0 0 0 0 0 0 0 0 0 0 0 0 0 0 0 0 0 0 77 68 79 32 101 120 116 114 97 32 100 97 116 97 32 108 111 99 107 0 0 0 0 0 0 0 0 0 0 0 0 0 0 0 0 0 0 0 0 0 0 0 0 0 0 0 0 0 0 0 0 0 0 0 0 0 0 0 0 0 0 0 0 0 0 0 0 0 0 0 0 0 0 0 0 0 0 0 0 0 0 0 0 0 4 0 0 0 0 0 0 0 0 0 0 0 0 0 0 0 0 0 0 0 0 0 0 0 0 0 0 0 0 0 0 0 0 0 0 0 0 0 0 0 0 0 0 0 0 0 0 0 0 0 0 0 0 2 0 0 25 17 1 0 1 0 0 0 0 0 0 0 0 0 0 0 2 0 0 0 0 0 6 0 2 0 0 0 216 0 0 0 255 255 255 255 4 192 1 0 0 0 0 0 data 27 0x1c004 0x0 0x16459520 0x221b 0x1f7e3830 0x5 0x40007 0x0 0x68 0x2227 0x80004 0x0 0x16459520 0x221b 0x1f7e3830 0x5 0xb0003 0x2227 0x58 0xf0005 0x0 0x0 0x0 0x0 0x0 0x140002 0x0 oops 4 2 java/util/LinkedHashMap$LinkedEntrySet 4 java/util/Collections$UnmodifiableMap$UnmodifiableEntrySet 12 java/util/LinkedHashMap$LinkedEntrySet 14 java/util/Collections$UnmodifiableMap$UnmodifiableEntrySet
ciMethodData com/google/common/collect/Iterables toArray (Ljava/lang/Iterable;[Ljava/lang/Object;)[Ljava/lang/Object; 2 9250 orig 264 8 206 174 107 0 0 0 0 56 69 109 34 0 0 0 0 144 1 0 0 0 0 0 0 0 0 0 0 0 0 0 0 0 0 0 0 0 0 0 0 0 0 0 0 0 0 0 0 0 0 0 0 0 0 0 0 0 0 0 0 0 0 0 0 0 0 0 0 0 0 0 0 0 0 0 0 0 0 0 0 77 68 79 32 101 120 116 114 97 32 100 97 116 97 32 108 111 99 107 0 0 0 0 0 0 0 0 0 0 0 0 0 0 0 0 0 0 0 0 0 0 0 0 0 0 0 0 0 0 0 0 0 0 0 0 0 0 0 0 0 0 0 0 0 0 0 0 0 0 0 0 0 0 0 0 0 0 0 0 0 0 0 0 0 0 0 0 0 0 0 0 0 0 0 0 0 0 0 0 0 0 0 0 0 0 0 0 0 0 0 0 0 0 0 0 0 0 0 0 0 0 0 0 0 0 0 0 0 0 0 0 0 0 0 0 0 0 2 0 0 17 17 1 0 1 0 0 0 0 0 0 0 0 0 0 0 2 0 0 0 0 0 7 0 2 0 0 0 64 0 0 0 255 255 255 255 2 0 1 0 0 0 0 0 data 8 0x10002 0x2222 0x70005 0x7 0x16459520 0x221a 0x1f7e3830 0x5 oops 2 4 java/util/LinkedHashMap$LinkedEntrySet 6 java/util/Collections$UnmodifiableMap$UnmodifiableEntrySet
ciMethodData com/google/common/collect/RegularImmutableMap fromEntries ([Ljava/util/Map$Entry;)Lcom/google/common/collect/ImmutableMap; 1 384 orig 264 8 206 174 107 0 0 0 0 136 29 203 33 0 0 0 0 88 1 0 0 0 0 0 0 0 0 0 0 0 0 0 0 0 0 0 0 0 0 0 0 0 0 0 0 0 0 0 0 0 0 0 0 0 0 0 0 0 0 0 0 0 0 0 0 0 0 0 0 0 0 0 0 0 0 0 0 0 0 0 0 77 68 79 32 101 120 116 114 97 32 100 97 116 97 32 108 111 99 107 0 0 0 0 0 0 0 0 0 0 0 0 0 0 0 0 0 0 0 0 0 0 0 0 0 0 0 0 0 0 0 0 0 0 0 0 0 0 0 0 0 0 0 0 0 0 0 0 0 0 0 0 0 0 0 0 0 0 0 0 0 0 0 0 0 0 0 0 0 0 0 0 0 0 0 0 0 0 0 0 0 0 0 0 0 17 0 0 0 0 0 0 0 0 0 0 0 0 0 0 0 0 0 0 0 0 0 0 0 0 0 0 0 0 0 0 0 50 0 0 0 113 10 0 0 1 0 0 0 0 0 0 0 0 0 0 0 2 0 0 0 0 0 3 0 2 0 0 0 16 0 0 0 255 255 255 255 2 0 3 0 0 0 0 0 data 2 0x30002 0x14e oops 0
ciMethodData com/google/common/collect/SparseImmutableTable <init> (Lcom/google/common/collect/ImmutableList;Lcom/google/common/collect/ImmutableSet;Lcom/google/common/collect/ImmutableSet;)V 2 106060 orig 264 8 206 174 107 0 0 0 0 224 184 225 36 0 0 0 0 72 12 0 0 240 8 0 0 0 0 0 0 0 0 0 0 0 0 0 0 0 0 0 0 0 0 0 0 0 0 0 0 0 0 0 0 0 0 0 0 0 0 0 0 0 0 0 0 0 0 0 0 0 0 0 0 0 0 0 0 0 0 0 0 77 68 79 32 101 120 116 114 97 32 100 97 116 97 32 108 111 99 107 0 0 0 0 0 0 0 0 0 0 0 0 0 0 0 0 0 0 0 0 0 0 0 0 0 0 0 0 0 0 0 0 0 0 0 0 0 0 0 0 0 0 0 0 0 0 0 0 0 0 0 0 0 0 0 0 0 0 0 0 0 0 0 0 0 0 0 0 0 0 0 0 0 0 0 0 0 0 0 0 0 0 0 0 0 0 0 0 0 0 0 0 0 0 0 0 0 0 0 0 0 0 0 0 0 0 0 0 0 0 0 0 0 0 0 0 0 14 236 0 0 57 1 0 0 49 143 5 0 0 0 0 0 0 0 0 0 2 0 0 0 5 0 60 0 2 0 0 0 232 10 0 0 255 255 255 255 2 0 1 0 0 0 0 0 data 349 0x10002 0x27 0x50002 0x27 0xa0002 0x27 0x100005 0x0 0x16459100 0x27 0x0 0x0 0x170005 0x0 0x164591b0 0x1a9 0x0 0x0 0x1c0007 0x27 0xa8 0x182 0x210005 0x0 0x164591b0 0x182 0x0 0x0 0x300002 0x182 0x330005 0x0 0x16459260 0x182 0x0 0x0 0x390003 0x182 0xffffffffffffff40 0x3c0002 0x27 0x420005 0x0 0x16459100 0x27 0x0 0x0 0x490005 0x0 0x164591b0 0x3bc7 0x0 0x0 0x4e0007 0x27 0xa8 0x3ba0 0x530005 0x0 0x164591b0 0x3ba0 0x0 0x0 0x620002 0x3ba0 0x650005 0x0 0x16459260 0x3ba0 0x0 0x0 0x6b0003 0x3ba0 0xffffffffffffff40 0x6f0005 0x0 0x16459310 0x27 0x0 0x0 0x770005 0x0 0x16459310 0x27 0x0 0x0 0x840005 0x0 0x16459310 0x3c26 0x0 0x0 0x870007 0x27 0x338 0x3bff 0x8d0005 0x0 0x16459310 0x3bff 0x0 0x0 0x900004 0x0 0x164593c0 0x3bff 0x0 0x0 0x970005 0x0 0x164593c0 0x3bff 0x0 0x0 0xa00005 0x0 0x164593c0 0x3bff 0x0 0x0 0xa90005 0x0 0x164593c0 0x3bff 0x0 0x0 0xb80005 0x0 0x16459470 0x3bff 0x0 0x0 0xbd0004 0x0 0x163fcd10 0x3bff 0x0 0x0 0xc00005 0xc26 0x163fcd10 0x2fd9 0x0 0x0 0xc80005 0x0 0x16459260 0x3bff 0x0 0x0 0xcd0004 0x0 0x16459260 0x3bff 0x0 0x0 0xd80005 0x0 0x16459260 0x3bff 0x0 0x0 0xe40005 0x0 0x16459260 0x3bff 0x0 0x0 0xf40005 0xc26 0x16458090 0x2fd9 0x0 0x0 0xfb0005 0x0 0x16459260 0x3bff 0x0 0x0 0x1000004 0x0 0x16459260 0x3bff 0x0 0x0 0x1070005 0x0 0x16459260 0x3bff 0x0 0x0 0x1100003 0x3bff 0xfffffffffffffcb0 0x1250005 0x0 0x16459260 0x27 0x0 0x0 0x12a0002 0x27 0x1310005 0x0 0x16459260 0x27 0x0 0x0 0x1360005 0x0 0x16459520 0x27 0x0 0x0 0x13f0005 0x0 0x164595d0 0x1a9 0x0 0x0 0x1440007 0x27 0x168 0x182 0x1490005 0x0 0x164595d0 0x182 0x0 0x0 0x14e0004 0x0 0x16459680 0x182 0x0 0x0 0x1570005 0x0 0x16459680 0x182 0x0 0x0 0x15e0005 0x0 0x16459680 0x182 0x0 0x0 0x1630004 0x0 0x16459260 0x182 0x0 0x0 0x1660002 0x182 0x1690005 0x0 0x16459730 0x182 0x0 0x0 0x16d0003 0x182 0xfffffffffffffe80 0x1730005 0x0 0x16459730 0x27 0x0 0x0 0x17f0005 0x0 0x16459260 0x27 0x0 0x0 0x1840002 0x27 0x18b0005 0x0 0x16459260 0x27 0x0 0x0 0x1900005 0x0 0x16459520 0x27 0x0 0x0 0x1990005 0x0 0x164595d0 0x376d 0x0 0x0 0x19e0007 0x26 0x168 0x3747 0x1a30005 0x0 0x164595d0 0x3747 0x0 0x0 0x1a80004 0x0 0x16459680 0x3747 0x0 0x0 0x1b10005 0x0 0x16459680 0x3747 0x0 0x0 0x1b80005 0x0 0x16459680 0x3747 0x0 0x0 0x1bd0004 0x0 0x16459260 0x3747 0x0 0x0 0x1c00002 0x3747 0x1c30005 0x0 0x16459730 0x3746 0x0 0x0 0x1c70003 0x3746 0xfffffffffffffe80 0x1cd0005 0x0 0x16459730 0x26 0x0 0x0 oops 49 8 com/google/common/collect/RegularImmutableSet 14 com/google/common/collect/Iterators$ArrayItr 24 com/google/common/collect/Iterators$ArrayItr 32 java/util/LinkedHashMap 43 com/google/common/collect/RegularImmutableSet 49 com/google/common/collect/Iterators$ArrayItr 59 com/google/common/collect/Iterators$ArrayItr 67 java/util/LinkedHashMap 76 com/google/common/collect/RegularImmutableList 82 com/google/common/collect/RegularImmutableList 88 com/google/common/collect/RegularImmutableList 98 com/google/common/collect/RegularImmutableList 104 com/google/common/collect/Tables$ImmutableCell 110 com/google/common/collect/Tables$ImmutableCell 116 com/google/common/collect/Tables$ImmutableCell 122 com/google/common/collect/Tables$ImmutableCell 128 com/google/common/collect/RegularImmutableMap 134 java/lang/Integer 140 java/lang/Integer 146 java/util/LinkedHashMap 152 java/util/LinkedHashMap 158 java/util/LinkedHashMap 164 java/util/LinkedHashMap 170 com/google/common/collect/SparseImmutableTable 176 java/util/LinkedHashMap 182 java/util/LinkedHashMap 188 java/util/LinkedHashMap 197 java/util/LinkedHashMap 205 java/util/LinkedHashMap 211 java/util/LinkedHashMap$LinkedEntrySet 217 java/util/LinkedHashMap$LinkedEntryIterator 227 java/util/LinkedHashMap$LinkedEntryIterator 233 java/util/LinkedHashMap$Entry 239 java/util/LinkedHashMap$Entry 245 java/util/LinkedHashMap$Entry 251 java/util/LinkedHashMap 259 com/google/common/collect/ImmutableMap$Builder 268 com/google/common/collect/ImmutableMap$Builder 274 java/util/LinkedHashMap 282 java/util/LinkedHashMap 288 java/util/LinkedHashMap$LinkedEntrySet 294 java/util/LinkedHashMap$LinkedEntryIterator 304 java/util/LinkedHashMap$LinkedEntryIterator 310 java/util/LinkedHashMap$Entry 316 java/util/LinkedHashMap$Entry 322 java/util/LinkedHashMap$Entry 328 java/util/LinkedHashMap 336 com/google/common/collect/ImmutableMap$Builder 345 com/google/common/collect/ImmutableMap$Builder
ciMethodData java/util/Collections$UnmodifiableMap$UnmodifiableEntrySet$UnmodifiableEntry getKey ()Ljava/lang/Object; 1 919 orig 264 8 206 174 107 0 0 0 0 112 223 106 27 0 0 0 0 120 1 0 0 0 0 0 0 0 0 0 0 0 0 0 0 0 0 0 0 0 0 0 0 0 0 0 0 0 0 0 0 0 0 0 0 0 0 0 0 0 0 0 0 0 0 0 0 0 0 0 0 0 0 0 0 0 0 0 0 0 0 0 0 77 68 79 32 101 120 116 114 97 32 100 97 116 97 32 108 111 99 107 0 0 0 0 0 0 0 0 0 0 0 0 0 0 0 0 0 0 0 0 0 0 0 0 0 0 0 0 0 0 0 0 0 0 0 0 0 0 0 0 0 0 0 0 0 0 0 0 0 0 0 0 0 0 0 0 0 0 0 0 0 0 0 0 0 0 0 0 0 0 0 0 0 0 0 0 0 0 0 0 0 0 0 0 0 0 0 0 0 0 0 0 0 0 0 0 0 0 0 0 0 0 0 0 0 0 0 0 0 0 0 0 0 0 0 0 0 131 1 0 0 161 16 0 0 1 0 0 0 0 0 0 0 0 0 0 0 2 0 0 0 0 0 3 0 2 0 0 0 48 0 0 0 255 255 255 255 5 0 4 0 0 0 0 0 data 6 0x40005 0x0 0x18d4bb30 0x183 0x195bd630 0x91 oops 2 2 java/lang/ProcessEnvironment$CheckedEntry 4 java/util/HashMap$Node
ciMethodData java/util/Collections$UnmodifiableMap$UnmodifiableEntrySet$UnmodifiableEntry getValue ()Ljava/lang/Object; 1 833 orig 264 8 206 174 107 0 0 0 0 16 224 106 27 0 0 0 0 120 1 0 0 0 0 0 0 0 0 0 0 0 0 0 0 0 0 0 0 0 0 0 0 0 0 0 0 0 0 0 0 0 0 0 0 0 0 0 0 0 0 0 0 0 0 0 0 0 0 0 0 0 0 0 0 0 0 0 0 0 0 0 0 77 68 79 32 101 120 116 114 97 32 100 97 116 97 32 108 111 99 107 0 0 0 0 0 0 0 0 0 0 0 0 0 0 0 0 0 0 0 0 0 0 0 0 0 0 0 0 0 0 0 0 0 0 0 0 0 0 0 0 0 0 0 0 0 0 0 0 0 0 0 0 0 0 0 0 0 0 0 0 0 0 0 0 0 0 0 0 0 0 0 0 0 0 0 0 0 0 0 0 0 0 0 0 0 0 0 0 0 0 0 0 0 0 0 0 0 0 0 0 0 0 0 0 0 0 0 0 0 0 0 0 0 0 0 0 0 0 2 0 0 9 10 0 0 1 0 0 0 0 0 0 0 0 0 0 0 2 0 0 0 0 0 3 0 2 0 0 0 48 0 0 0 255 255 255 255 5 0 4 0 0 0 0 0 data 6 0x40005 0x0 0x18d4bb30 0xb0 0x195bd630 0x91 oops 2 2 java/lang/ProcessEnvironment$CheckedEntry 4 java/util/HashMap$Node
instanceKlass org/gradle/internal/execution/history/changes/NonIncrementalInputChanges$$Lambda$932
instanceKlass org/gradle/internal/execution/history/changes/NonIncrementalInputChanges
instanceKlass com/google/protobuf/ByteString$CodedBuilder
instanceKlass com/google/protobuf/Utf8$Processor
instanceKlass com/google/protobuf/Utf8
instanceKlass com/google/protobuf/WireFormat
instanceKlass com/google/protobuf/UnsafeUtil$1
instanceKlass com/google/protobuf/UnsafeUtil$MemoryAccessor
instanceKlass com/google/protobuf/UnsafeUtil
instanceKlass com/google/protobuf/ByteOutput
instanceKlass com/google/wireless/android/play/playlog/proto/ClientAnalytics$LogEventKeyValuesOrBuilder
instanceKlass com/google/protobuf/ByteString$ArraysByteArrayCopier
instanceKlass com/google/protobuf/ByteString$ByteIterator
instanceKlass com/google/protobuf/ByteString$ByteArrayCopier
instanceKlass com/google/protobuf/SmallSortedMap$EmptySet$2
instanceKlass com/google/protobuf/SmallSortedMap$EmptySet$1
instanceKlass com/google/protobuf/SmallSortedMap$EmptySet
instanceKlass com/google/protobuf/LazyFieldLite
instanceKlass com/google/protobuf/FieldSet
instanceKlass com/google/wireless/android/play/playlog/proto/ClientAnalytics$ActiveExperimentsOrBuilder
instanceKlass com/google/wireless/android/play/playlog/proto/ClientAnalytics$AppUsage1pLogEventOrBuilder
instanceKlass com/google/wireless/android/play/playlog/proto/ClientAnalytics$ExperimentIdsOrBuilder
instanceKlass com/google/wireless/android/play/playlog/proto/ClientAnalytics$NetworkConnectionInfoOrBuilder
instanceKlass com/google/wireless/android/play/playlog/proto/ClientAnalytics$LogEventOrBuilder
instanceKlass com/google/protobuf/GeneratedMessageV3$ExtendableMessageOrBuilder
instanceKlass com/google/wireless/android/sdk/stats/AndroidStudioEvent$EventKind$1
instanceKlass com/google/wireless/android/sdk/stats/AndroidStudioEvent$EventCategory$1
instanceKlass com/google/wireless/android/sdk/stats/IntellijProjectSizeStatsOrBuilder
instanceKlass com/google/wireless/android/sdk/stats/GradleSyncIssueOrBuilder
instanceKlass org/gradle/internal/remote/internal/inet/SocketConnection$1
instanceKlass com/google/wireless/android/sdk/stats/AndroidStudioEvent$1
instanceKlass com/google/wireless/android/sdk/stats/ImportSampleEventOrBuilder
instanceKlass com/google/wireless/android/sdk/stats/ComposeSampleEventOrBuilder
instanceKlass com/google/wireless/android/sdk/stats/NavEditorEventOrBuilder
instanceKlass com/google/wireless/android/sdk/stats/UserSentimentOrBuilder
instanceKlass com/google/wireless/android/sdk/stats/IdePluginInfoOrBuilder
instanceKlass com/google/wireless/android/sdk/stats/ResourceManagerEventOrBuilder
instanceKlass com/google/wireless/android/sdk/stats/StudioRunEventOrBuilder
instanceKlass com/google/wireless/android/sdk/stats/RunEventOrBuilder
instanceKlass com/google/wireless/android/sdk/stats/LintActionOrBuilder
instanceKlass com/google/wireless/android/sdk/stats/DataBindingEventOrBuilder
instanceKlass com/google/wireless/android/sdk/stats/LintSessionOrBuilder
instanceKlass com/google/wireless/android/sdk/stats/JniInspectionEventOrBuilder
instanceKlass com/google/wireless/android/sdk/stats/DialogStatsOrBuilder
instanceKlass com/google/wireless/android/sdk/stats/MemorySettingsEventOrBuilder
instanceKlass com/google/wireless/android/sdk/stats/TypingLatencyStatsOrBuilder
instanceKlass com/google/wireless/android/sdk/stats/PSDEventOrBuilder
instanceKlass com/google/wireless/android/sdk/stats/ApkAnalyzerStatsOrBuilder
instanceKlass com/google/wireless/android/sdk/stats/ApkDebugProjectOrBuilder
instanceKlass com/google/wireless/android/sdk/stats/AndroidProfilerEventOrBuilder
instanceKlass com/google/wireless/android/sdk/stats/TestRecorderDetailsOrBuilder
instanceKlass com/google/wireless/android/sdk/stats/LayoutEditorEventOrBuilder
instanceKlass com/google/wireless/android/sdk/stats/CppHeadersViewEventOrBuilder
instanceKlass com/google/wireless/android/sdk/stats/CMakeEditingEventOrBuilder
instanceKlass com/google/wireless/android/sdk/stats/KotlinSupportOrBuilder
instanceKlass com/google/wireless/android/sdk/stats/OomDialogEventOrBuilder
instanceKlass com/google/wireless/android/sdk/stats/StudioProjectChangeOrBuilder
instanceKlass com/google/wireless/android/sdk/stats/LayoutInspectorEventOrBuilder
instanceKlass com/google/wireless/android/sdk/stats/JvmDetailsOrBuilder
instanceKlass com/google/wireless/android/sdk/stats/GradleSyncStatsOrBuilder
instanceKlass com/google/wireless/android/sdk/stats/AdbAssistantStatsOrBuilder
instanceKlass com/google/wireless/android/sdk/stats/LldbPerformanceStatsOrBuilder
instanceKlass com/google/wireless/android/sdk/stats/MachineDetailsOrBuilder
instanceKlass com/google/wireless/android/sdk/stats/UIActionStatsOrBuilder
instanceKlass com/google/wireless/android/sdk/stats/TestRunOrBuilder
instanceKlass com/google/wireless/android/sdk/stats/ProductDetailsOrBuilder
instanceKlass com/google/wireless/android/sdk/stats/DeviceInfoOrBuilder
instanceKlass com/google/wireless/android/sdk/stats/EmulatorDetailsOrBuilder
instanceKlass com/google/wireless/android/sdk/stats/GradleBuildDetailsOrBuilder
instanceKlass com/google/wireless/android/sdk/stats/StudioCrashOrBuilder
instanceKlass com/google/wireless/android/sdk/stats/GfxTracingDetailsOrBuilder
instanceKlass com/google/wireless/android/sdk/stats/FirebaseErrorDetailsOrBuilder
instanceKlass com/google/wireless/android/sdk/stats/EmulatorHostOrBuilder
instanceKlass com/google/wireless/android/sdk/stats/EmulatorUiEventOrBuilder
instanceKlass com/google/wireless/android/sdk/stats/MetaMetricsOrBuilder
instanceKlass com/google/wireless/android/sdk/stats/InstantRunOrBuilder
instanceKlass com/google/wireless/android/sdk/stats/LLDBFrontendDetailsOrBuilder
instanceKlass com/google/wireless/android/sdk/stats/HypervisorOrBuilder
instanceKlass com/google/wireless/android/sdk/stats/WhatsNewAssistantUpdateEventOrBuilder
instanceKlass com/google/wireless/android/sdk/stats/BuildOutputWindowStatsOrBuilder
instanceKlass com/google/wireless/android/sdk/stats/StudioUpdateFlowEventOrBuilder
instanceKlass com/google/wireless/android/sdk/stats/DefaultActivityLocatorStatsOrBuilder
instanceKlass com/google/wireless/android/sdk/stats/EditorHighlightingStatsOrBuilder
instanceKlass com/google/wireless/android/sdk/stats/MotionLayoutEditorEventOrBuilder
instanceKlass com/google/wireless/android/sdk/stats/WindowsDefenderStatusOrBuilder
instanceKlass com/google/wireless/android/sdk/stats/GradlePluginDslUsageStatsOrBuilder
instanceKlass com/google/wireless/android/sdk/stats/FirebaseContextDetailsOrBuilder
instanceKlass com/google/wireless/android/sdk/stats/WhatsNewAssistantEventOrBuilder
instanceKlass com/google/wireless/android/sdk/stats/StudioPatchUpdaterEventOrBuilder
instanceKlass com/google/wireless/android/sdk/stats/GradlePluginUpgradeDialogStatsOrBuilder
instanceKlass com/google/wireless/android/sdk/stats/AndroidProfilerDbStatsOrBuilder
instanceKlass com/google/wireless/android/sdk/stats/StudioToolWindowActionStatsOrBuilder
instanceKlass com/google/wireless/android/sdk/stats/IntellijIndexingStatsOrBuilder
instanceKlass com/google/wireless/android/sdk/stats/ConnectionAssistantEventOrBuilder
instanceKlass com/google/wireless/android/sdk/stats/LldbSessionStartDetailsOrBuilder
instanceKlass com/google/wireless/android/sdk/stats/LldbSessionEndDetailsOrBuilder
instanceKlass com/google/wireless/android/sdk/stats/EmulatorPerformanceStatsOrBuilder
instanceKlass com/google/wireless/android/sdk/stats/AppLinksAssistantEventOrBuilder
instanceKlass com/google/wireless/android/sdk/stats/StudioPerformanceStatsOrBuilder
instanceKlass com/google/wireless/android/sdk/stats/AndroidStudioEventOrBuilder
instanceKlass org/gradle/internal/work/DefaultWorkerLeaseService$1
instanceKlass org/gradle/tooling/internal/provider/SessionScopeBuildActionExecuter$1
instanceKlass org/gradle/cache/internal/DefaultCleanupProgressMonitor
instanceKlass org/gradle/cache/internal/VersionSpecificCacheCleanupAction
instanceKlass org/gradle/workers/internal/WorkerDaemonClientsManager$StopSessionScopedWorkers$1
instanceKlass org/gradle/execution/PassThruCancellableOperationManager
instanceKlass com/android/builder/profile/ProcessProfileWriterFactory$$Lambda$931
